
Welcome to TOPAS, Tool for Particle Simulation (Version 3.7.p1)

TOPAS is distributed under a Single User License described at:
http://www.topasmc.org/registration
Every user must have their own, individual, valid license to run TOPAS.

Loading parameters starting from: TSEPVC_AP_spoiler_gn.txt

Geant4 Data directory has been specified by the
TOPAS_G4_DATA_DIR environment variable as /Applications/G4Data

**************************************************************
 Geant4 version Name: geant4-10-06-patch-03 [MT]   (6-November-2020)
  << in Multi-threaded mode >> 
                       Copyright : Geant4 Collaboration
                      References : NIM A 506 (2003), 250-303
                                 : IEEE-TNS 53 (2006), 270-278
                                 : NIM A 835 (2016), 186-225
                             WWW : http://geant4.org/
**************************************************************

TOPAS is in MT mode, setting number of threads to: 14

TOPAS set the tolerances based on the World size to:
      Surface tolerance = 0.02 nm, and radial tolerance = 0.02 nm.
Checking overlaps for volume JawLower1 (G4Box) ... OK! 
Checking overlaps for volume JawLower2 (G4Box) ... OK! 
Checking overlaps for volume JawUpper1 (G4Box) ... OK! 
Checking overlaps for volume JawUpper2 (G4Box) ... OK! 
Checking overlaps for volume TSEBox (G4Box) ... OK! 
Checking overlaps for volume Blocker (G4Box) ... OK! 
Checking overlaps for volume PVC (G4Box) ... OK! 
Creating parallel world: PVC_120x240x4
Checking overlaps for volume PVC_120x240x4 (G4Box) ... OK! 
Checking overlaps for volume Spoiler (G4Box) ... OK! 

Checking for Unused Components.
These are Components that were never built even though they were at least
partially defined in some parameters. This is not necessarily an error.
It may be an intentional choice to have these Component definitions handy for later use.
To turn off this check, set Ge/CheckForUnusedComponents to False
  No unused components were found.

/Applications/G4Data/G4NDL4.6
@@@ G4ParticleHPInelastic instantiated for particle neutron data directory variable is G4NEUTRONHPDATA pointing to /Applications/G4Data/G4NDL4.6/Inelastic
@@@ G4ParticleHPInelasticData instantiated for particle neutron data directory variable is G4NEUTRONHPDATA pointing to /Applications/G4Data/G4NDL4.6
NeutronHP: /Capture file for Z = 6, A = 12 is not found and NeutronHP will use /Applications/G4Data/G4NDL4.6/Capture/CrossSection/6_nat_Carbon
NeutronHP: /Elastic file for Z = 6, A = 12 is not found and NeutronHP will use /Applications/G4Data/G4NDL4.6/Elastic/CrossSection/6_nat_Carbon
NeutronHP: /Inelastic file for Z = 6, A = 12 is not found and NeutronHP will use /Applications/G4Data/G4NDL4.6/Inelastic/CrossSection/6_nat_Carbon

Phase Space file header indicates phase space is in Limited form.
Phase Space Reader performing PreCheck on file: ../../../tsePatient/TrueBeam_06E_00_IAEA
PreCheck processing particle: 1000000
PreCheck processing particle: 2000000
PreCheck processing particle: 3000000
PreCheck processing particle: 4000000
PreCheck processing particle: 5000000
PreCheck processing particle: 6000000
PreCheck processing particle: 7000000
PreCheck processing particle: 8000000
PreCheck processing particle: 9000000
PreCheck processing particle: 10000000
PreCheck processing particle: 11000000
PreCheck processing particle: 12000000
PreCheck processing particle: 13000000
PreCheck processing particle: 14000000
PreCheck processing particle: 15000000
PreCheck processing particle: 16000000
PreCheck processing particle: 17000000
PreCheck processing particle: 18000000
PreCheck processing particle: 19000000
PreCheck processing particle: 20000000
PreCheck processing particle: 21000000
PreCheck processing particle: 22000000
PreCheck processing particle: 23000000
PreCheck processing particle: 24000000
PreCheck processing particle: 25000000
PreCheck processing particle: 26000000
PreCheck processing particle: 27000000
PreCheck processing particle: 28000000
PreCheck processing particle: 29000000
PreCheck processing particle: 30000000
PreCheck processing particle: 31000000
PreCheck processing particle: 32000000
PreCheck processing particle: 33000000
PreCheck processing particle: 34000000
PreCheck processing particle: 35000000
PreCheck processing particle: 36000000
PreCheck processing particle: 37000000
PreCheck processing particle: 38000000
PreCheck processing particle: 39000000
PreCheck processing particle: 40000000
PreCheck processing particle: 41000000
PreCheck processing particle: 42000000
PreCheck processing particle: 43000000
PreCheck processing particle: 44000000
PreCheck processing particle: 45000000
PreCheck processing particle: 46000000
Phase Space Reader PreCheck showed no problems.

Registered Physics Processes:
CoupledTransportation,      PVC_120x240x4,        StepLimiter,     UserSpecialCut
               phot,              compt,               conv,               Rayl
                msc,              eIoni,              eBrem,          ePairProd
        CoulombScat,            annihil,             muIoni,            muBrems
         muPairProd,              hIoni,             hBrems,          hPairProd
            ionIoni,    nuclearStopping,   neutronInelastic,           nCapture
           nFission,    protonInelastic,       pi+Inelastic,       pi-Inelastic
     kaon+Inelastic,     kaon-Inelastic,    kaon0LInelastic,    kaon0SInelastic
    lambdaInelastic,anti-lambdaInelastic,    sigma-Inelastic,anti_sigma-Inelastic
    sigma+Inelastic,anti_sigma+Inelastic,       xi-Inelastic,  anti_xi-Inelastic
       xi0Inelastic,  anti_xi0Inelastic,    omega-Inelastic,anti_omega-Inelastic
anti_protonInelastic,anti_neutronInelastic,anti_deuteronInelastic,anti_tritonInelastic
  anti_He3Inelastic,anti_alphaInelastic,              Decay,         dInelastic
         tInelastic,       He3Inelastic,     alphaInelastic,       ionInelastic
         hadElastic,hFritiofCaptureAtRest,hBertiniCaptureAtRest,muMinusCaptureAtRest


Visualization verbosity changed to quiet (0)
Parameters have been dumped to the file TopasParameterDump_Run_0000.html

### ===  Deexcitation model UAtomDeexcitation is activated for 1 region:
          DefaultRegionForTheWorld  1  0  0
### ===  Ignore cuts flag:   0

phot:  for gamma SubType=12 BuildTable=0
      LambdaPrime table from 200 keV to 100 TeV in 174 bins 
      ===== EM models for the G4Region  DefaultRegionForTheWorld ======
 LivermorePhElectric : Emin=    0 eV  Emax=  100 TeV  SauterGavrila Fluo

compt:  for gamma SubType=13 BuildTable=1
      Lambda table from 100 eV  to 1 MeV, 20 bins/decade, spline: 1
      LambdaPrime table from 1 MeV to 100 TeV in 160 bins 
      ===== EM models for the G4Region  DefaultRegionForTheWorld ======
   LowEPComptonModel : Emin=    0 eV  Emax=   20 MeV Fluo
        KleinNishina : Emin=   20 MeV Emax=  100 TeV Fluo

conv:  for gamma SubType=14 BuildTable=1
      Lambda table from 1.022 MeV to 100 TeV, 20 bins/decade, spline: 1
      ===== EM models for the G4Region  DefaultRegionForTheWorld ======
      BetheHeitler5D : Emin=    0 eV  Emax=  100 TeV  ModifiedTsai

Rayl:  for gamma SubType=11 BuildTable=1
      Lambda table from 100 eV  to 100 keV, 20 bins/decade, spline: 0
      LambdaPrime table from 100 keV to 100 TeV in 180 bins 
      ===== EM models for the G4Region  DefaultRegionForTheWorld ======
   LivermoreRayleigh : Emin=    0 eV  Emax=  100 TeV  CullenGenerator

msc:  for e-  SubType= 10
      RangeFactor= 0.08, stepLimType: 2, latDisp: 1
      ===== EM models for the G4Region  DefaultRegionForTheWorld ======
  GoudsmitSaunderson : Emin=    0 eV  Emax=  100 MeV Nbins=120 100 eV  - 100 MeV
        WentzelVIUni : Emin=  100 MeV Emax=  100 TeV Nbins=120 100 MeV - 100 TeV

eIoni:  for e-  SubType=2
      dE/dx and range tables from 100 eV  to 100 TeV in 240 bins
      Lambda tables from threshold to 100 TeV, 20 bins/decade, spline: 1
      StepFunction=(0.2, 0.01 mm), integ: 1, fluct: 1, linLossLim= 0.01
      ===== EM models for the G4Region  DefaultRegionForTheWorld ======
       LowEnergyIoni : Emin=    0 eV  Emax=  100 keV  deltaVI
        MollerBhabha : Emin=  100 keV Emax=  100 TeV  deltaVI

eBrem:  for e-  SubType=3
      dE/dx and range tables from 100 eV  to 100 TeV in 240 bins
      Lambda tables from threshold to 100 TeV, 20 bins/decade, spline: 1
      LPM flag: 1 for E > 1 GeV,  VertexHighEnergyTh(GeV)= 100000
      ===== EM models for the G4Region  DefaultRegionForTheWorld ======
             eBremSB : Emin=    0 eV  Emax=    1 GeV  AngularGen2BS
            eBremLPM : Emin=    1 GeV Emax=  100 TeV  AngularGen2BS

ePairProd:  for e-  SubType=4
      dE/dx and range tables from 100 eV  to 100 TeV in 240 bins
      Lambda tables from threshold to 100 TeV, 20 bins/decade, spline: 1
      Sampling table 25x1001; from 0.1 GeV to 100 TeV 
      ===== EM models for the G4Region  DefaultRegionForTheWorld ======
           ePairProd : Emin=    0 eV  Emax=  100 TeV

CoulombScat:  for e-, integral:1  SubType=1 BuildTable=1
      Lambda table from 100 MeV to 100 TeV, 20 bins/decade, spline: 1
      ThetaMin(p) < Theta(degree) < 180; pLimit(GeV^1)= 0.139531
      ===== EM models for the G4Region  DefaultRegionForTheWorld ======
  eCoulombScattering : Emin=  100 MeV Emax=  100 TeV

msc:  for e+  SubType= 10
      RangeFactor= 0.08, stepLimType: 2, latDisp: 1
      ===== EM models for the G4Region  DefaultRegionForTheWorld ======
  GoudsmitSaunderson : Emin=    0 eV  Emax=  100 MeV Nbins=120 100 eV  - 100 MeV
        WentzelVIUni : Emin=  100 MeV Emax=  100 TeV Nbins=120 100 MeV - 100 TeV

eIoni:  for e+  SubType=2
      dE/dx and range tables from 100 eV  to 100 TeV in 240 bins
      Lambda tables from threshold to 100 TeV, 20 bins/decade, spline: 1
      StepFunction=(0.2, 0.01 mm), integ: 1, fluct: 1, linLossLim= 0.01
      ===== EM models for the G4Region  DefaultRegionForTheWorld ======
             PenIoni : Emin=    0 eV  Emax=  100 keV
        MollerBhabha : Emin=  100 keV Emax=  100 TeV  deltaVI

eBrem:  for e+  SubType=3
      dE/dx and range tables from 100 eV  to 100 TeV in 240 bins
      Lambda tables from threshold to 100 TeV, 20 bins/decade, spline: 1
      LPM flag: 1 for E > 1 GeV,  VertexHighEnergyTh(GeV)= 100000
      ===== EM models for the G4Region  DefaultRegionForTheWorld ======
             eBremSB : Emin=    0 eV  Emax=    1 GeV  AngularGen2BS
            eBremLPM : Emin=    1 GeV Emax=  100 TeV  AngularGen2BS

ePairProd:  for e+  SubType=4
      dE/dx and range tables from 100 eV  to 100 TeV in 240 bins
      Lambda tables from threshold to 100 TeV, 20 bins/decade, spline: 1
      Sampling table 25x1001; from 0.1 GeV to 100 TeV 
      ===== EM models for the G4Region  DefaultRegionForTheWorld ======
           ePairProd : Emin=    0 eV  Emax=  100 TeV

annihil:  for e+, integral:1  SubType=5 BuildTable=0
      ===== EM models for the G4Region  DefaultRegionForTheWorld ======
            eplus2gg : Emin=    0 eV  Emax=  100 TeV

CoulombScat:  for e+, integral:1  SubType=1 BuildTable=1
      Lambda table from 100 MeV to 100 TeV, 20 bins/decade, spline: 1
      ThetaMin(p) < Theta(degree) < 180; pLimit(GeV^1)= 0.139531
      ===== EM models for the G4Region  DefaultRegionForTheWorld ======
  eCoulombScattering : Emin=  100 MeV Emax=  100 TeV

msc:  for proton  SubType= 10
      RangeFactor= 0.2, stepLimType: 0, latDisp: 1
      ===== EM models for the G4Region  DefaultRegionForTheWorld ======
        WentzelVIUni : Emin=    0 eV  Emax=  100 TeV Nbins=240 100 eV  - 100 TeV

hIoni:  for proton  SubType=2
      dE/dx and range tables from 100 eV  to 100 TeV in 240 bins
      Lambda tables from threshold to 100 TeV, 20 bins/decade, spline: 1
      StepFunction=(0.1, 0.02 mm), integ: 1, fluct: 1, linLossLim= 0.01
      ===== EM models for the G4Region  DefaultRegionForTheWorld ======
               Bragg : Emin=    0 eV  Emax=    2 MeV  deltaVI
          BetheBloch : Emin=    2 MeV Emax=  100 TeV  deltaVI

hBrems:  for proton  SubType=3
      dE/dx and range tables from 100 eV  to 100 TeV in 240 bins
      Lambda tables from threshold to 100 TeV, 20 bins/decade, spline: 1
      ===== EM models for the G4Region  DefaultRegionForTheWorld ======
               hBrem : Emin=    0 eV  Emax=  100 TeV

hPairProd:  for proton  SubType=4
      dE/dx and range tables from 100 eV  to 100 TeV in 240 bins
      Lambda tables from threshold to 100 TeV, 20 bins/decade, spline: 1
      Sampling table 17x1001; from 7.50618 GeV to 100 TeV 
      ===== EM models for the G4Region  DefaultRegionForTheWorld ======
           hPairProd : Emin=    0 eV  Emax=  100 TeV

CoulombScat:  for proton, integral:1  SubType=1 BuildTable=1
      Lambda table from threshold  to 100 TeV, 20 bins/decade, spline: 1
      ThetaMin(p) < Theta(degree) < 180; pLimit(GeV^1)= 0.139531
      ===== EM models for the G4Region  DefaultRegionForTheWorld ======
  eCoulombScattering : Emin=    0 eV  Emax=  100 TeV

msc:  for GenericIon  SubType= 10
      RangeFactor= 0.2, stepLimType: 0, latDisp: 0
      ===== EM models for the G4Region  DefaultRegionForTheWorld ======
            UrbanMsc : Emin=    0 eV  Emax=  100 TeV

ionIoni:  for GenericIon  SubType=2
      dE/dx and range tables from 100 eV  to 100 TeV in 240 bins
      Lambda tables from threshold to 100 TeV, 20 bins/decade, spline: 1
      StepFunction=(0.1, 0.001 mm), integ: 1, fluct: 1, linLossLim= 0.02
      ===== EM models for the G4Region  DefaultRegionForTheWorld ======
         ParamICRU73 : Emin=    0 eV  Emax=  100 TeV  deltaVI

nuclearStopping:  for GenericIon SubType=8 BuildTable=0
      ===== EM models for the G4Region  DefaultRegionForTheWorld ======
   ICRU49NucStopping : Emin=    0 eV  Emax=    1 MeV

msc:  for alpha  SubType= 10
      RangeFactor= 0.2, stepLimType: 0, latDisp: 1
      ===== EM models for the G4Region  DefaultRegionForTheWorld ======
            UrbanMsc : Emin=    0 eV  Emax=  100 TeV Nbins=240 100 eV  - 100 TeV

ionIoni:  for alpha  SubType=2
      dE/dx and range tables from 100 eV  to 100 TeV in 240 bins
      Lambda tables from threshold to 100 TeV, 20 bins/decade, spline: 1
      StepFunction=(0.1, 0.02 mm), integ: 1, fluct: 1, linLossLim= 0.02
      ===== EM models for the G4Region  DefaultRegionForTheWorld ======
            BraggIon : Emin=    0 eV  Emax=7.9452 MeV  deltaVI
          BetheBloch : Emin=7.9452 MeV Emax=  100 TeV  deltaVI

nuclearStopping:  for alpha SubType=8 BuildTable=0
      ===== EM models for the G4Region  DefaultRegionForTheWorld ======
   ICRU49NucStopping : Emin=    0 eV  Emax=    1 MeV

msc:  for anti_proton  SubType= 10
      RangeFactor= 0.2, stepLimType: 0, latDisp: 1
      ===== EM models for the G4Region  DefaultRegionForTheWorld ======
        WentzelVIUni : Emin=    0 eV  Emax=  100 TeV Nbins=240 100 eV  - 100 TeV

hIoni:  for anti_proton  SubType=2
      dE/dx and range tables from 100 eV  to 100 TeV in 240 bins
      Lambda tables from threshold to 100 TeV, 20 bins/decade, spline: 1
      StepFunction=(0.1, 0.02 mm), integ: 1, fluct: 1, linLossLim= 0.01
      ===== EM models for the G4Region  DefaultRegionForTheWorld ======
            ICRU73QO : Emin=    0 eV  Emax=    2 MeV  deltaVI
          BetheBloch : Emin=    2 MeV Emax=  100 TeV  deltaVI

hBrems:  for anti_proton  SubType=3
      dE/dx and range tables from 100 eV  to 100 TeV in 240 bins
      Lambda tables from threshold to 100 TeV, 20 bins/decade, spline: 1
      ===== EM models for the G4Region  DefaultRegionForTheWorld ======
               hBrem : Emin=    0 eV  Emax=  100 TeV

hPairProd:  for anti_proton  SubType=4
      dE/dx and range tables from 100 eV  to 100 TeV in 240 bins
      Lambda tables from threshold to 100 TeV, 20 bins/decade, spline: 1
      Sampling table 17x1001; from 7.50618 GeV to 100 TeV 
      ===== EM models for the G4Region  DefaultRegionForTheWorld ======
           hPairProd : Emin=    0 eV  Emax=  100 TeV

CoulombScat:  for anti_proton, integral:1  SubType=1 BuildTable=1
      Lambda table from threshold  to 100 TeV, 20 bins/decade, spline: 1
      ThetaMin(p) < Theta(degree) < 180; pLimit(GeV^1)= 0.139531
      ===== EM models for the G4Region  DefaultRegionForTheWorld ======
  eCoulombScattering : Emin=    0 eV  Emax=  100 TeV

msc:  for kaon+  SubType= 10
      RangeFactor= 0.2, stepLimType: 0, latDisp: 1
      ===== EM models for the G4Region  DefaultRegionForTheWorld ======
        WentzelVIUni : Emin=    0 eV  Emax=  100 TeV Nbins=240 100 eV  - 100 TeV

hIoni:  for kaon+  SubType=2
      dE/dx and range tables from 100 eV  to 100 TeV in 240 bins
      Lambda tables from threshold to 100 TeV, 20 bins/decade, spline: 1
      StepFunction=(0.1, 0.02 mm), integ: 1, fluct: 1, linLossLim= 0.01
      ===== EM models for the G4Region  DefaultRegionForTheWorld ======
               Bragg : Emin=    0 eV  Emax=1.05231 MeV  deltaVI
          BetheBloch : Emin=1.05231 MeV Emax=  100 TeV  deltaVI

hBrems:  for kaon+  SubType=3
      dE/dx and range tables from 100 eV  to 100 TeV in 240 bins
      Lambda tables from threshold to 100 TeV, 20 bins/decade, spline: 1
      ===== EM models for the G4Region  DefaultRegionForTheWorld ======
               hBrem : Emin=    0 eV  Emax=  100 TeV

hPairProd:  for kaon+  SubType=4
      dE/dx and range tables from 100 eV  to 100 TeV in 240 bins
      Lambda tables from threshold to 100 TeV, 20 bins/decade, spline: 1
      Sampling table 18x1001; from 3.94942 GeV to 100 TeV 
      ===== EM models for the G4Region  DefaultRegionForTheWorld ======
           hPairProd : Emin=    0 eV  Emax=  100 TeV

CoulombScat:  for kaon+, integral:1  SubType=1 BuildTable=1
      Lambda table from threshold  to 100 TeV, 20 bins/decade, spline: 1
      ThetaMin(p) < Theta(degree) < 180; pLimit(GeV^1)= 0.139531
      ===== EM models for the G4Region  DefaultRegionForTheWorld ======
  eCoulombScattering : Emin=    0 eV  Emax=  100 TeV

msc:  for kaon-  SubType= 10
      RangeFactor= 0.2, stepLimType: 0, latDisp: 1
      ===== EM models for the G4Region  DefaultRegionForTheWorld ======
        WentzelVIUni : Emin=    0 eV  Emax=  100 TeV Nbins=240 100 eV  - 100 TeV

hIoni:  for kaon-  SubType=2
      dE/dx and range tables from 100 eV  to 100 TeV in 240 bins
      Lambda tables from threshold to 100 TeV, 20 bins/decade, spline: 1
      StepFunction=(0.1, 0.02 mm), integ: 1, fluct: 1, linLossLim= 0.01
      ===== EM models for the G4Region  DefaultRegionForTheWorld ======
            ICRU73QO : Emin=    0 eV  Emax=1.05231 MeV  deltaVI
          BetheBloch : Emin=1.05231 MeV Emax=  100 TeV  deltaVI

hBrems:  for kaon-  SubType=3
      dE/dx and range tables from 100 eV  to 100 TeV in 240 bins
      Lambda tables from threshold to 100 TeV, 20 bins/decade, spline: 1
      ===== EM models for the G4Region  DefaultRegionForTheWorld ======
               hBrem : Emin=    0 eV  Emax=  100 TeV

hPairProd:  for kaon-  SubType=4
      dE/dx and range tables from 100 eV  to 100 TeV in 240 bins
      Lambda tables from threshold to 100 TeV, 20 bins/decade, spline: 1
      Sampling table 18x1001; from 3.94942 GeV to 100 TeV 
      ===== EM models for the G4Region  DefaultRegionForTheWorld ======
           hPairProd : Emin=    0 eV  Emax=  100 TeV

CoulombScat:  for kaon-, integral:1  SubType=1 BuildTable=1
      Used Lambda table of kaon+
      ThetaMin(p) < Theta(degree) < 180; pLimit(GeV^1)= 0.139531
      ===== EM models for the G4Region  DefaultRegionForTheWorld ======
  eCoulombScattering : Emin=    0 eV  Emax=  100 TeV

msc:  for mu+  SubType= 10
      RangeFactor= 0.2, stepLimType: 0, latDisp: 1, polarAngLim(deg)= 180
      ===== EM models for the G4Region  DefaultRegionForTheWorld ======
        WentzelVIUni : Emin=    0 eV  Emax=  100 TeV Nbins=240 100 eV  - 100 TeV

muIoni:  for mu+  SubType=2
      dE/dx and range tables from 100 eV  to 100 TeV in 240 bins
      Lambda tables from threshold to 100 TeV, 20 bins/decade, spline: 1
      StepFunction=(0.1, 0.02 mm), integ: 1, fluct: 1, linLossLim= 0.01
      ===== EM models for the G4Region  DefaultRegionForTheWorld ======
               Bragg : Emin=    0 eV  Emax=  200 keV  deltaVI
          BetheBloch : Emin=  200 keV Emax=    1 GeV  deltaVI
        MuBetheBloch : Emin=    1 GeV Emax=  100 TeV

muBrems:  for mu+  SubType=3
      dE/dx and range tables from 100 eV  to 100 TeV in 240 bins
      Lambda tables from threshold to 100 TeV, 20 bins/decade, spline: 1
      ===== EM models for the G4Region  DefaultRegionForTheWorld ======
              MuBrem : Emin=    0 eV  Emax=  100 TeV

muPairProd:  for mu+  SubType=4
      dE/dx and range tables from 100 eV  to 100 TeV in 240 bins
      Lambda tables from threshold to 100 TeV, 20 bins/decade, spline: 1
      Sampling table 21x1001; from 1 GeV to 100 TeV 
      ===== EM models for the G4Region  DefaultRegionForTheWorld ======
          muPairProd : Emin=    0 eV  Emax=  100 TeV

CoulombScat:  for mu+, integral:1  SubType=1 BuildTable=1
      Lambda table from threshold  to 100 TeV, 20 bins/decade, spline: 1
      ThetaMin(p) < Theta(degree) < 180; pLimit(GeV^1)= 0.139531
      ===== EM models for the G4Region  DefaultRegionForTheWorld ======
  eCoulombScattering : Emin=    0 eV  Emax=  100 TeV

msc:  for mu-  SubType= 10
      RangeFactor= 0.2, stepLimType: 0, latDisp: 1, polarAngLim(deg)= 180
      ===== EM models for the G4Region  DefaultRegionForTheWorld ======
        WentzelVIUni : Emin=    0 eV  Emax=  100 TeV Nbins=240 100 eV  - 100 TeV

muIoni:  for mu-  SubType=2
      dE/dx and range tables from 100 eV  to 100 TeV in 240 bins
      Lambda tables from threshold to 100 TeV, 20 bins/decade, spline: 1
      StepFunction=(0.1, 0.02 mm), integ: 1, fluct: 1, linLossLim= 0.01
      ===== EM models for the G4Region  DefaultRegionForTheWorld ======
            ICRU73QO : Emin=    0 eV  Emax=  200 keV  deltaVI
          BetheBloch : Emin=  200 keV Emax=    1 GeV  deltaVI
        MuBetheBloch : Emin=    1 GeV Emax=  100 TeV

muBrems:  for mu-  SubType=3
      dE/dx and range tables from 100 eV  to 100 TeV in 240 bins
      Lambda tables from threshold to 100 TeV, 20 bins/decade, spline: 1
      ===== EM models for the G4Region  DefaultRegionForTheWorld ======
              MuBrem : Emin=    0 eV  Emax=  100 TeV

muPairProd:  for mu-  SubType=4
      dE/dx and range tables from 100 eV  to 100 TeV in 240 bins
      Lambda tables from threshold to 100 TeV, 20 bins/decade, spline: 1
      Sampling table 21x1001; from 1 GeV to 100 TeV 
      ===== EM models for the G4Region  DefaultRegionForTheWorld ======
          muPairProd : Emin=    0 eV  Emax=  100 TeV

CoulombScat:  for mu-, integral:1  SubType=1 BuildTable=1
      Used Lambda table of mu+
      ThetaMin(p) < Theta(degree) < 180; pLimit(GeV^1)= 0.139531
      ===== EM models for the G4Region  DefaultRegionForTheWorld ======
  eCoulombScattering : Emin=    0 eV  Emax=  100 TeV
@@@ G4ParticleHPInelastic instantiated for particle neutron data directory variable is G4NEUTRONHPDATA pointing to /Applications/G4Data/G4NDL4.6/Inelastic
NeutronHP: /Capture file for Z = 6, A = 12 is not found and NeutronHP will use /Applications/G4Data/G4NDL4.6/Capture/CrossSection/6_nat_Carbon
NeutronHP: /Elastic file for Z = 6, A = 12 is not found and NeutronHP will use /Applications/G4Data/G4NDL4.6/Elastic/CrossSection/6_nat_Carbon
NeutronHP: /Inelastic file for Z = 6, A = 12 is not found and NeutronHP will use /Applications/G4Data/G4NDL4.6/Inelastic/CrossSection/6_nat_Carbon
NeutronHP: /Capture file for Z = 6, A = 12 is not found and NeutronHP will use /Applications/G4Data/G4NDL4.6/Capture/CrossSection/6_nat_Carbon
NeutronHP: /Elastic file for Z = 6, A = 12 is not found and NeutronHP will use /Applications/G4Data/G4NDL4.6/Elastic/CrossSection/6_nat_Carbon

msc:  for pi+  SubType= 10
      RangeFactor= 0.2, stepLimType: 0, latDisp: 1
      ===== EM models for the G4Region  DefaultRegionForTheWorld ======
        WentzelVIUni : Emin=    0 eV  Emax=  100 TeV Nbins=240 100 eV  - 100 TeV

hIoni:  for pi+  SubType=2
      dE/dx and range tables from 100 eV  to 100 TeV in 240 bins
      Lambda tables from threshold to 100 TeV, 20 bins/decade, spline: 1
      StepFunction=(0.1, 0.02 mm), integ: 1, fluct: 1, linLossLim= 0.01
      ===== EM models for the G4Region  DefaultRegionForTheWorld ======
               Bragg : Emin=    0 eV  Emax=297.505 keV  deltaVI
          BetheBloch : Emin=297.505 keV Emax=  100 TeV  deltaVI

hBrems:  for pi+  SubType=3
      dE/dx and range tables from 100 eV  to 100 TeV in 240 bins
      Lambda tables from threshold to 100 TeV, 20 bins/decade, spline: 1
      ===== EM models for the G4Region  DefaultRegionForTheWorld ======
               hBrem : Emin=    0 eV  Emax=  100 TeV

hPairProd:  for pi+  SubType=4
      dE/dx and range tables from 100 eV  to 100 TeV in 240 bins
      Lambda tables from threshold to 100 TeV, 20 bins/decade, spline: 1
      Sampling table 20x1001; from 1.11656 GeV to 100 TeV 
      ===== EM models for the G4Region  DefaultRegionForTheWorld ======
           hPairProd : Emin=    0 eV  Emax=  100 TeV

CoulombScat:  for pi+, integral:1  SubType=1 BuildTable=1
      Lambda table from threshold  to 100 TeV, 20 bins/decade, spline: 1
      ThetaMin(p) < Theta(degree) < 180; pLimit(GeV^1)= 0.139531
      ===== EM models for the G4Region  DefaultRegionForTheWorld ======
  eCoulombScattering : Emin=    0 eV  Emax=  100 TeV

msc:  for pi-  SubType= 10
      RangeFactor= 0.2, stepLimType: 0, latDisp: 1
      ===== EM models for the G4Region  DefaultRegionForTheWorld ======
        WentzelVIUni : Emin=    0 eV  Emax=  100 TeV Nbins=240 100 eV  - 100 TeV

hIoni:  for pi-  SubType=2
      dE/dx and range tables from 100 eV  to 100 TeV in 240 bins
      Lambda tables from threshold to 100 TeV, 20 bins/decade, spline: 1
      StepFunction=(0.1, 0.02 mm), integ: 1, fluct: 1, linLossLim= 0.01
      ===== EM models for the G4Region  DefaultRegionForTheWorld ======
            ICRU73QO : Emin=    0 eV  Emax=297.505 keV  deltaVI
          BetheBloch : Emin=297.505 keV Emax=  100 TeV  deltaVI

hBrems:  for pi-  SubType=3
      dE/dx and range tables from 100 eV  to 100 TeV in 240 bins
      Lambda tables from threshold to 100 TeV, 20 bins/decade, spline: 1
      ===== EM models for the G4Region  DefaultRegionForTheWorld ======
               hBrem : Emin=    0 eV  Emax=  100 TeV

hPairProd:  for pi-  SubType=4
      dE/dx and range tables from 100 eV  to 100 TeV in 240 bins
      Lambda tables from threshold to 100 TeV, 20 bins/decade, spline: 1
      Sampling table 20x1001; from 1.11656 GeV to 100 TeV 
      ===== EM models for the G4Region  DefaultRegionForTheWorld ======
           hPairProd : Emin=    0 eV  Emax=  100 TeV

CoulombScat:  for pi-, integral:1  SubType=1 BuildTable=1
      Used Lambda table of pi+
      ThetaMin(p) < Theta(degree) < 180; pLimit(GeV^1)= 0.139531
      ===== EM models for the G4Region  DefaultRegionForTheWorld ======
  eCoulombScattering : Emin=    0 eV  Emax=  100 TeV

====================================================================
                  HADRONIC PROCESSES SUMMARY (verbose level 1)

---------------------------------------------------
                           Hadronic Processes for GenericIon

  Process: ionInelastic
        Model:  Binary Light Ion Cascade: 0 eV /n ---> 6 GeV/n
        Model:                      FTFP: 3 GeV/n ---> 100 TeV/n
     Cr_sctns:  Glauber-Gribov Nucl-nucl: 0 eV  ---> 25.6 PeV

---------------------------------------------------
                           Hadronic Processes for He3

  Process: He3Inelastic
        Model:  Binary Light Ion Cascade: 0 eV /n ---> 6 GeV/n
        Model:                      FTFP: 3 GeV/n ---> 100 TeV/n
     Cr_sctns:  Glauber-Gribov Nucl-nucl: 0 eV  ---> 25.6 PeV

  Process: hadElastic
        Model:              hElasticLHEP: 0 eV /n ---> 100 TeV/n
     Cr_sctns:  Glauber-Gribov Nucl-nucl: 0 eV  ---> 25.6 PeV

---------------------------------------------------
                           Hadronic Processes for alpha

  Process: alphaInelastic
        Model:  Binary Light Ion Cascade: 0 eV /n ---> 6 GeV/n
        Model:                      FTFP: 3 GeV/n ---> 100 TeV/n
     Cr_sctns:  Glauber-Gribov Nucl-nucl: 0 eV  ---> 25.6 PeV

  Process: hadElastic
        Model:              hElasticLHEP: 0 eV /n ---> 100 TeV/n
     Cr_sctns:  Glauber-Gribov Nucl-nucl: 0 eV  ---> 25.6 PeV

---------------------------------------------------
                           Hadronic Processes for anti_He3

  Process: anti_He3Inelastic
        Model:                      FTFP: 0 eV /n ---> 100 TeV/n
     Cr_sctns:              AntiAGlauber: 0 eV  ---> 25.6 PeV

  Process: hadElastic
        Model:              hElasticLHEP: 0 eV /n ---> 100.1 MeV/n
        Model:              AntiAElastic: 100 MeV/n ---> 100 TeV/n
     Cr_sctns:              AntiAGlauber: 0 eV  ---> 25.6 PeV

  Process: hFritiofCaptureAtRest

---------------------------------------------------
                           Hadronic Processes for anti_alpha

  Process: anti_alphaInelastic
        Model:                      FTFP: 0 eV /n ---> 100 TeV/n
     Cr_sctns:              AntiAGlauber: 0 eV  ---> 25.6 PeV

  Process: hadElastic
        Model:              hElasticLHEP: 0 eV /n ---> 100.1 MeV/n
        Model:              AntiAElastic: 100 MeV/n ---> 100 TeV/n
     Cr_sctns:              AntiAGlauber: 0 eV  ---> 25.6 PeV

  Process: hFritiofCaptureAtRest

---------------------------------------------------
                           Hadronic Processes for anti_deuteron

  Process: anti_deuteronInelastic
        Model:                      FTFP: 0 eV /n ---> 100 TeV/n
     Cr_sctns:              AntiAGlauber: 0 eV  ---> 25.6 PeV

  Process: hadElastic
        Model:              hElasticLHEP: 0 eV /n ---> 100.1 MeV/n
        Model:              AntiAElastic: 100 MeV/n ---> 100 TeV/n
     Cr_sctns:              AntiAGlauber: 0 eV  ---> 25.6 PeV

  Process: hFritiofCaptureAtRest

---------------------------------------------------
                           Hadronic Processes for anti_neutron

  Process: anti_neutronInelastic
        Model:                      FTFP: 0 eV  ---> 100 TeV
     Cr_sctns:              AntiAGlauber: 0 eV  ---> 25.6 PeV

  Process: hadElastic
        Model:              hElasticLHEP: 0 eV  ---> 100.1 MeV
        Model:              AntiAElastic: 100 MeV ---> 100 TeV
     Cr_sctns:              AntiAGlauber: 0 eV  ---> 25.6 PeV

  Process: hFritiofCaptureAtRest

---------------------------------------------------
                           Hadronic Processes for anti_proton

  Process: anti_protonInelastic
        Model:                      FTFP: 0 eV  ---> 100 TeV
     Cr_sctns:              AntiAGlauber: 0 eV  ---> 25.6 PeV

  Process: hadElastic
        Model:              hElasticLHEP: 0 eV  ---> 100.1 MeV
        Model:              AntiAElastic: 100 MeV ---> 100 TeV
     Cr_sctns:              AntiAGlauber: 0 eV  ---> 25.6 PeV

  Process: hFritiofCaptureAtRest

---------------------------------------------------
                           Hadronic Processes for anti_triton

  Process: anti_tritonInelastic
        Model:                      FTFP: 0 eV /n ---> 100 TeV/n
     Cr_sctns:              AntiAGlauber: 0 eV  ---> 25.6 PeV

  Process: hadElastic
        Model:              hElasticLHEP: 0 eV /n ---> 100.1 MeV/n
        Model:              AntiAElastic: 100 MeV/n ---> 100 TeV/n
     Cr_sctns:              AntiAGlauber: 0 eV  ---> 25.6 PeV

  Process: hFritiofCaptureAtRest

---------------------------------------------------
                           Hadronic Processes for deuteron

  Process: dInelastic
        Model:  Binary Light Ion Cascade: 0 eV /n ---> 6 GeV/n
        Model:                      FTFP: 3 GeV/n ---> 100 TeV/n
     Cr_sctns:  Glauber-Gribov Nucl-nucl: 0 eV  ---> 25.6 PeV

  Process: hadElastic
        Model:              hElasticLHEP: 0 eV /n ---> 100 TeV/n
     Cr_sctns:  Glauber-Gribov Nucl-nucl: 0 eV  ---> 25.6 PeV

---------------------------------------------------
                           Hadronic Processes for kaon+

  Process: kaon+Inelastic
        Model:                      QGSP: 12 GeV ---> 100 TeV
        Model:                      FTFP: 3 GeV ---> 25 GeV
        Model:            BertiniCascade: 0 eV  ---> 6 GeV
     Cr_sctns:            Glauber-Gribov: 0 eV  ---> 100 TeV

  Process: hadElastic
        Model:              hElasticLHEP: 0 eV  ---> 100 TeV
     Cr_sctns:            Glauber-Gribov: 0 eV  ---> 100 TeV

---------------------------------------------------
                           Hadronic Processes for kaon-

  Process: kaon-Inelastic
        Model:                      QGSP: 12 GeV ---> 100 TeV
        Model:                      FTFP: 3 GeV ---> 25 GeV
        Model:            BertiniCascade: 0 eV  ---> 6 GeV
     Cr_sctns:            Glauber-Gribov: 0 eV  ---> 100 TeV

  Process: hadElastic
        Model:              hElasticLHEP: 0 eV  ---> 100 TeV
     Cr_sctns:            Glauber-Gribov: 0 eV  ---> 100 TeV

  Process: hBertiniCaptureAtRest

---------------------------------------------------
                           Hadronic Processes for lambda

  Process: lambdaInelastic
        Model:            BertiniCascade: 0 eV  ---> 6 GeV
        Model:                      FTFP: 3 GeV ---> 100 TeV
     Cr_sctns:            Glauber-Gribov: 0 eV  ---> 100 TeV

  Process: hadElastic
        Model:              hElasticLHEP: 0 eV  ---> 100 TeV
     Cr_sctns:            Glauber-Gribov: 0 eV  ---> 100 TeV

---------------------------------------------------
                           Hadronic Processes for mu-

  Process: muMinusCaptureAtRest

---------------------------------------------------
                           Hadronic Processes for neutron

  Process: neutronInelastic
        Model:                      QGSP: 12 GeV ---> 100 TeV
        Model:                      FTFP: 3 GeV ---> 25 GeV
        Model:            Binary Cascade: 19.9 MeV ---> 6 GeV
        Model:        NeutronHPInelastic: 0 eV  ---> 20 MeV
     Cr_sctns:      NeutronHPInelasticXS: 0 eV  ---> 20 MeV
     Cr_sctns:  BarashenkovGlauberGribov: 0 eV  ---> 100 TeV

  Process: nCapture
        Model:          NeutronHPCapture: 0 eV  ---> 20 MeV
        Model:               nRadCapture: 19.9 MeV ---> 100 TeV
     Cr_sctns:        NeutronHPCaptureXS: 0 eV  ---> 20 MeV
     Cr_sctns:        G4NeutronCaptureXS: 0 eV  ---> 100 TeV

  Process: nFission
        Model:          NeutronHPFission: 0 eV  ---> 20 MeV
        Model:                G4LFission: 19.9 MeV ---> 100 TeV
     Cr_sctns:        NeutronHPFissionXS: 0 eV  ---> 20 MeV
     Cr_sctns:          GheishaFissionXS: 0 eV  ---> 100 TeV

  Process: hadElastic
        Model:             hElasticCHIPS: 19.5 MeV ---> 100 TeV
        Model:          NeutronHPElastic: 0 eV  ---> 20 MeV
     Cr_sctns:        NeutronHPElasticXS: 0 eV  ---> 20 MeV
     Cr_sctns:        G4NeutronElasticXS: 0 eV  ---> 100 TeV

---------------------------------------------------
                           Hadronic Processes for pi+

  Process: pi+Inelastic
        Model:                      QGSP: 12 GeV ---> 100 TeV
        Model:                      FTFP: 3 GeV ---> 25 GeV
        Model:            BertiniCascade: 0 eV  ---> 6 GeV
     Cr_sctns:  BarashenkovGlauberGribov: 0 eV  ---> 100 TeV

  Process: hadElastic
        Model:           hElasticGlauber: 0 eV  ---> 100 TeV
     Cr_sctns:  BarashenkovGlauberGribov: 0 eV  ---> 100 TeV

---------------------------------------------------
                           Hadronic Processes for pi-

  Process: pi-Inelastic
        Model:                      QGSP: 12 GeV ---> 100 TeV
        Model:                      FTFP: 3 GeV ---> 25 GeV
        Model:            BertiniCascade: 0 eV  ---> 6 GeV
     Cr_sctns:  BarashenkovGlauberGribov: 0 eV  ---> 100 TeV

  Process: hadElastic
        Model:           hElasticGlauber: 0 eV  ---> 100 TeV
     Cr_sctns:  BarashenkovGlauberGribov: 0 eV  ---> 100 TeV

  Process: hBertiniCaptureAtRest

---------------------------------------------------
                           Hadronic Processes for proton

  Process: protonInelastic
        Model:                      QGSP: 12 GeV ---> 100 TeV
        Model:                      FTFP: 3 GeV ---> 25 GeV
        Model:            Binary Cascade: 0 eV  ---> 6 GeV
     Cr_sctns:  BarashenkovGlauberGribov: 0 eV  ---> 100 TeV

  Process: hadElastic
        Model:             hElasticCHIPS: 0 eV  ---> 100 TeV
     Cr_sctns:  BarashenkovGlauberGribov: 0 eV  ---> 100 TeV

---------------------------------------------------
                           Hadronic Processes for triton

  Process: tInelastic
        Model:  Binary Light Ion Cascade: 0 eV /n ---> 6 GeV/n
        Model:                      FTFP: 3 GeV/n ---> 100 TeV/n
     Cr_sctns:  Glauber-Gribov Nucl-nucl: 0 eV  ---> 25.6 PeV

  Process: hadElastic
        Model:              hElasticLHEP: 0 eV /n ---> 100 TeV/n
     Cr_sctns:  Glauber-Gribov Nucl-nucl: 0 eV  ---> 25.6 PeV

================================================================
G4WT10 > CoupledTransportation,      PVC_120x240x4,        StepLimiter,     UserSpecialCut
G4WT3 > CoupledTransportation,      PVC_120x240x4,        StepLimiter,     UserSpecialCut
G4WT4 > CoupledTransportation,      PVC_120x240x4,        StepLimiter,     UserSpecialCut
G4WT8 > CoupledTransportation,      PVC_120x240x4,        StepLimiter,     UserSpecialCut
G4WT12 > CoupledTransportation,      PVC_120x240x4,        StepLimiter,     UserSpecialCut
G4WT9 > CoupledTransportation,      PVC_120x240x4,        StepLimiter,     UserSpecialCut
G4WT5 > CoupledTransportation,      PVC_120x240x4,        StepLimiter,     UserSpecialCut
G4WT11 > CoupledTransportation,      PVC_120x240x4,        StepLimiter,     UserSpecialCut
G4WT1 > CoupledTransportation,      PVC_120x240x4,        StepLimiter,     UserSpecialCut
G4WT0 > CoupledTransportation,      PVC_120x240x4,        StepLimiter,     UserSpecialCut
G4WT2 > CoupledTransportation,      PVC_120x240x4,        StepLimiter,     UserSpecialCut
G4WT6 > CoupledTransportation,      PVC_120x240x4,        StepLimiter,     UserSpecialCut
G4WT7 > CoupledTransportation,      PVC_120x240x4,        StepLimiter,     UserSpecialCut
G4WT13 > CoupledTransportation,      PVC_120x240x4,        StepLimiter,     UserSpecialCut
G4WT10 >                phot,              compt,               conv,               Rayl
G4WT3 >                phot,              compt,               conv,               Rayl
G4WT4 >                phot,              compt,               conv,               Rayl
G4WT8 >                phot,              compt,               conv,               Rayl
G4WT4 >                 msc,              eIoni,              eBrem,          ePairProd
G4WT8 >                 msc,              eIoni,              eBrem,          ePairProd
G4WT4 >         CoulombScat,            annihil,             muIoni,            muBrems
G4WT8 >         CoulombScat,            annihil,             muIoni,            muBrems
G4WT4 >          muPairProd,              hIoni,             hBrems,          hPairProd
G4WT0 >                phot,              compt,               conv,               Rayl
G4WT2 >                phot,              compt,               conv,               Rayl
G4WT0 >                 msc,              eIoni,              eBrem,          ePairProd
G4WT2 >                 msc,              eIoni,              eBrem,          ePairProd
G4WT13 >                phot,              compt,               conv,               Rayl
G4WT10 >                 msc,              eIoni,              eBrem,          ePairProd
G4WT3 >                 msc,              eIoni,              eBrem,          ePairProd
G4WT12 >                phot,              compt,               conv,               Rayl
G4WT9 >                phot,              compt,               conv,               Rayl
G4WT5 >                phot,              compt,               conv,               Rayl
G4WT11 >                phot,              compt,               conv,               Rayl
G4WT5 >                 msc,              eIoni,              eBrem,          ePairProd
G4WT11 >                 msc,              eIoni,              eBrem,          ePairProd
G4WT4 >             ionIoni,    nuclearStopping,   neutronInelastic,           nCapture
G4WT6 >                phot,              compt,               conv,               Rayl
G4WT7 >                phot,              compt,               conv,               Rayl
G4WT0 >         CoulombScat,            annihil,             muIoni,            muBrems
G4WT2 >         CoulombScat,            annihil,             muIoni,            muBrems
G4WT13 >                 msc,              eIoni,              eBrem,          ePairProd
G4WT10 >         CoulombScat,            annihil,             muIoni,            muBrems
G4WT3 >         CoulombScat,            annihil,             muIoni,            muBrems
G4WT12 >                 msc,              eIoni,              eBrem,          ePairProd
G4WT9 >                 msc,              eIoni,              eBrem,          ePairProd
G4WT1 >                phot,              compt,               conv,               Rayl
G4WT8 >          muPairProd,              hIoni,             hBrems,          hPairProd
G4WT1 >                 msc,              eIoni,              eBrem,          ePairProd
G4WT11 >         CoulombScat,            annihil,             muIoni,            muBrems
G4WT4 >            nFission,    protonInelastic,       pi+Inelastic,       pi-Inelastic
G4WT6 >                 msc,              eIoni,              eBrem,          ePairProd
G4WT7 >                 msc,              eIoni,              eBrem,          ePairProd
G4WT0 >          muPairProd,              hIoni,             hBrems,          hPairProd
G4WT2 >          muPairProd,              hIoni,             hBrems,          hPairProd
G4WT13 >         CoulombScat,            annihil,             muIoni,            muBrems
G4WT10 >          muPairProd,              hIoni,             hBrems,          hPairProd
G4WT3 >          muPairProd,              hIoni,             hBrems,          hPairProd
G4WT12 >         CoulombScat,            annihil,             muIoni,            muBrems
G4WT9 >         CoulombScat,            annihil,             muIoni,            muBrems
G4WT5 >         CoulombScat,            annihil,             muIoni,            muBrems
G4WT8 >             ionIoni,    nuclearStopping,   neutronInelastic,           nCapture
G4WT5 >          muPairProd,              hIoni,             hBrems,          hPairProd
G4WT8 >            nFission,    protonInelastic,       pi+Inelastic,       pi-Inelastic
G4WT5 >             ionIoni,    nuclearStopping,   neutronInelastic,           nCapture
G4WT6 >         CoulombScat,            annihil,             muIoni,            muBrems
G4WT7 >         CoulombScat,            annihil,             muIoni,            muBrems
G4WT0 >             ionIoni,    nuclearStopping,   neutronInelastic,           nCapture
G4WT2 >             ionIoni,    nuclearStopping,   neutronInelastic,           nCapture
G4WT13 >          muPairProd,              hIoni,             hBrems,          hPairProd
G4WT10 >             ionIoni,    nuclearStopping,   neutronInelastic,           nCapture
G4WT3 >             ionIoni,    nuclearStopping,   neutronInelastic,           nCapture
G4WT12 >          muPairProd,              hIoni,             hBrems,          hPairProd
G4WT9 >          muPairProd,              hIoni,             hBrems,          hPairProd
G4WT1 >         CoulombScat,            annihil,             muIoni,            muBrems
G4WT11 >          muPairProd,              hIoni,             hBrems,          hPairProd
G4WT1 >          muPairProd,              hIoni,             hBrems,          hPairProd
G4WT11 >             ionIoni,    nuclearStopping,   neutronInelastic,           nCapture
G4WT1 >             ionIoni,    nuclearStopping,   neutronInelastic,           nCapture
G4WT11 >            nFission,    protonInelastic,       pi+Inelastic,       pi-Inelastic
G4WT1 >            nFission,    protonInelastic,       pi+Inelastic,       pi-Inelastic
G4WT11 >      kaon+Inelastic,     kaon-Inelastic,    kaon0LInelastic,    kaon0SInelastic
G4WT2 >            nFission,    protonInelastic,       pi+Inelastic,       pi-Inelastic
G4WT13 >             ionIoni,    nuclearStopping,   neutronInelastic,           nCapture
G4WT10 >            nFission,    protonInelastic,       pi+Inelastic,       pi-Inelastic
G4WT3 >            nFission,    protonInelastic,       pi+Inelastic,       pi-Inelastic
G4WT12 >             ionIoni,    nuclearStopping,   neutronInelastic,           nCapture
G4WT9 >             ionIoni,    nuclearStopping,   neutronInelastic,           nCapture
G4WT4 >      kaon+Inelastic,     kaon-Inelastic,    kaon0LInelastic,    kaon0SInelastic
G4WT8 >      kaon+Inelastic,     kaon-Inelastic,    kaon0LInelastic,    kaon0SInelastic
G4WT5 >            nFission,    protonInelastic,       pi+Inelastic,       pi-Inelastic
G4WT6 >          muPairProd,              hIoni,             hBrems,          hPairProd
G4WT5 >      kaon+Inelastic,     kaon-Inelastic,    kaon0LInelastic,    kaon0SInelastic
G4WT0 >            nFission,    protonInelastic,       pi+Inelastic,       pi-Inelastic
G4WT1 >      kaon+Inelastic,     kaon-Inelastic,    kaon0LInelastic,    kaon0SInelastic
G4WT11 >     lambdaInelastic,anti-lambdaInelastic,    sigma-Inelastic,anti_sigma-Inelastic
G4WT2 >      kaon+Inelastic,     kaon-Inelastic,    kaon0LInelastic,    kaon0SInelastic
G4WT13 >            nFission,    protonInelastic,       pi+Inelastic,       pi-Inelastic
G4WT10 >      kaon+Inelastic,     kaon-Inelastic,    kaon0LInelastic,    kaon0SInelastic
G4WT3 >      kaon+Inelastic,     kaon-Inelastic,    kaon0LInelastic,    kaon0SInelastic
G4WT12 >            nFission,    protonInelastic,       pi+Inelastic,       pi-Inelastic
G4WT9 >            nFission,    protonInelastic,       pi+Inelastic,       pi-Inelastic
G4WT4 >     lambdaInelastic,anti-lambdaInelastic,    sigma-Inelastic,anti_sigma-Inelastic
G4WT9 >      kaon+Inelastic,     kaon-Inelastic,    kaon0LInelastic,    kaon0SInelastic
G4WT7 >          muPairProd,              hIoni,             hBrems,          hPairProd
G4WT6 >             ionIoni,    nuclearStopping,   neutronInelastic,           nCapture
G4WT5 >     lambdaInelastic,anti-lambdaInelastic,    sigma-Inelastic,anti_sigma-Inelastic
G4WT0 >      kaon+Inelastic,     kaon-Inelastic,    kaon0LInelastic,    kaon0SInelastic
G4WT1 >     lambdaInelastic,anti-lambdaInelastic,    sigma-Inelastic,anti_sigma-Inelastic
G4WT11 >     sigma+Inelastic,anti_sigma+Inelastic,       xi-Inelastic,  anti_xi-Inelastic
G4WT2 >     lambdaInelastic,anti-lambdaInelastic,    sigma-Inelastic,anti_sigma-Inelastic
G4WT13 >      kaon+Inelastic,     kaon-Inelastic,    kaon0LInelastic,    kaon0SInelastic
G4WT10 >     lambdaInelastic,anti-lambdaInelastic,    sigma-Inelastic,anti_sigma-Inelastic
G4WT3 >     lambdaInelastic,anti-lambdaInelastic,    sigma-Inelastic,anti_sigma-Inelastic
G4WT12 >      kaon+Inelastic,     kaon-Inelastic,    kaon0LInelastic,    kaon0SInelastic
G4WT8 >     lambdaInelastic,anti-lambdaInelastic,    sigma-Inelastic,anti_sigma-Inelastic
G4WT4 >     sigma+Inelastic,anti_sigma+Inelastic,       xi-Inelastic,  anti_xi-Inelastic
G4WT4 >        xi0Inelastic,  anti_xi0Inelastic,    omega-Inelastic,anti_omega-Inelastic
G4WT7 >             ionIoni,    nuclearStopping,   neutronInelastic,           nCapture
G4WT6 >            nFission,    protonInelastic,       pi+Inelastic,       pi-Inelastic
G4WT7 >            nFission,    protonInelastic,       pi+Inelastic,       pi-Inelastic
G4WT6 >      kaon+Inelastic,     kaon-Inelastic,    kaon0LInelastic,    kaon0SInelastic
G4WT1 >     sigma+Inelastic,anti_sigma+Inelastic,       xi-Inelastic,  anti_xi-Inelastic
G4WT11 >        xi0Inelastic,  anti_xi0Inelastic,    omega-Inelastic,anti_omega-Inelastic
G4WT2 >     sigma+Inelastic,anti_sigma+Inelastic,       xi-Inelastic,  anti_xi-Inelastic
G4WT11 > anti_protonInelastic,anti_neutronInelastic,anti_deuteronInelastic,anti_tritonInelastic
G4WT10 >     sigma+Inelastic,anti_sigma+Inelastic,       xi-Inelastic,  anti_xi-Inelastic
G4WT3 >     sigma+Inelastic,anti_sigma+Inelastic,       xi-Inelastic,  anti_xi-Inelastic
G4WT12 >     lambdaInelastic,anti-lambdaInelastic,    sigma-Inelastic,anti_sigma-Inelastic
G4WT3 >        xi0Inelastic,  anti_xi0Inelastic,    omega-Inelastic,anti_omega-Inelastic
G4WT12 >     sigma+Inelastic,anti_sigma+Inelastic,       xi-Inelastic,  anti_xi-Inelastic
G4WT3 > anti_protonInelastic,anti_neutronInelastic,anti_deuteronInelastic,anti_tritonInelastic
G4WT5 >     sigma+Inelastic,anti_sigma+Inelastic,       xi-Inelastic,  anti_xi-Inelastic
G4WT0 >     lambdaInelastic,anti-lambdaInelastic,    sigma-Inelastic,anti_sigma-Inelastic
G4WT7 >      kaon+Inelastic,     kaon-Inelastic,    kaon0LInelastic,    kaon0SInelastic
G4WT6 >     lambdaInelastic,anti-lambdaInelastic,    sigma-Inelastic,anti_sigma-Inelastic
G4WT1 >        xi0Inelastic,  anti_xi0Inelastic,    omega-Inelastic,anti_omega-Inelastic
G4WT13 >     lambdaInelastic,anti-lambdaInelastic,    sigma-Inelastic,anti_sigma-Inelastic
G4WT2 >        xi0Inelastic,  anti_xi0Inelastic,    omega-Inelastic,anti_omega-Inelastic
G4WT13 >     sigma+Inelastic,anti_sigma+Inelastic,       xi-Inelastic,  anti_xi-Inelastic
G4WT10 >        xi0Inelastic,  anti_xi0Inelastic,    omega-Inelastic,anti_omega-Inelastic
G4WT8 >     sigma+Inelastic,anti_sigma+Inelastic,       xi-Inelastic,  anti_xi-Inelastic
G4WT9 >     lambdaInelastic,anti-lambdaInelastic,    sigma-Inelastic,anti_sigma-Inelastic
G4WT4 > anti_protonInelastic,anti_neutronInelastic,anti_deuteronInelastic,anti_tritonInelastic
G4WT12 >        xi0Inelastic,  anti_xi0Inelastic,    omega-Inelastic,anti_omega-Inelastic
G4WT12 > anti_protonInelastic,anti_neutronInelastic,anti_deuteronInelastic,anti_tritonInelastic
G4WT5 >        xi0Inelastic,  anti_xi0Inelastic,    omega-Inelastic,anti_omega-Inelastic
G4WT0 >     sigma+Inelastic,anti_sigma+Inelastic,       xi-Inelastic,  anti_xi-Inelastic
G4WT7 >     lambdaInelastic,anti-lambdaInelastic,    sigma-Inelastic,anti_sigma-Inelastic
G4WT6 >     sigma+Inelastic,anti_sigma+Inelastic,       xi-Inelastic,  anti_xi-Inelastic
G4WT1 > anti_protonInelastic,anti_neutronInelastic,anti_deuteronInelastic,anti_tritonInelastic
G4WT1 >   anti_He3Inelastic,anti_alphaInelastic,              Decay,         dInelastic
G4WT2 > anti_protonInelastic,anti_neutronInelastic,anti_deuteronInelastic,anti_tritonInelastic
G4WT13 >        xi0Inelastic,  anti_xi0Inelastic,    omega-Inelastic,anti_omega-Inelastic
G4WT10 > anti_protonInelastic,anti_neutronInelastic,anti_deuteronInelastic,anti_tritonInelastic
G4WT13 > anti_protonInelastic,anti_neutronInelastic,anti_deuteronInelastic,anti_tritonInelastic
G4WT9 >     sigma+Inelastic,anti_sigma+Inelastic,       xi-Inelastic,  anti_xi-Inelastic
G4WT4 >   anti_He3Inelastic,anti_alphaInelastic,              Decay,         dInelastic
G4WT3 >   anti_He3Inelastic,anti_alphaInelastic,              Decay,         dInelastic
G4WT12 >   anti_He3Inelastic,anti_alphaInelastic,              Decay,         dInelastic
G4WT5 > anti_protonInelastic,anti_neutronInelastic,anti_deuteronInelastic,anti_tritonInelastic
G4WT0 >        xi0Inelastic,  anti_xi0Inelastic,    omega-Inelastic,anti_omega-Inelastic
G4WT7 >     sigma+Inelastic,anti_sigma+Inelastic,       xi-Inelastic,  anti_xi-Inelastic
G4WT6 >        xi0Inelastic,  anti_xi0Inelastic,    omega-Inelastic,anti_omega-Inelastic
G4WT11 >   anti_He3Inelastic,anti_alphaInelastic,              Decay,         dInelastic
G4WT1 >          tInelastic,       He3Inelastic,     alphaInelastic,       ionInelastic
G4WT2 >   anti_He3Inelastic,anti_alphaInelastic,              Decay,         dInelastic
G4WT8 >        xi0Inelastic,  anti_xi0Inelastic,    omega-Inelastic,anti_omega-Inelastic
G4WT10 >   anti_He3Inelastic,anti_alphaInelastic,              Decay,         dInelastic
G4WT13 >   anti_He3Inelastic,anti_alphaInelastic,              Decay,         dInelastic
G4WT9 >        xi0Inelastic,  anti_xi0Inelastic,    omega-Inelastic,anti_omega-Inelastic
G4WT4 >          tInelastic,       He3Inelastic,     alphaInelastic,       ionInelastic
G4WT3 >          tInelastic,       He3Inelastic,     alphaInelastic,       ionInelastic
G4WT12 >          tInelastic,       He3Inelastic,     alphaInelastic,       ionInelastic
G4WT5 >   anti_He3Inelastic,anti_alphaInelastic,              Decay,         dInelastic
G4WT0 > anti_protonInelastic,anti_neutronInelastic,anti_deuteronInelastic,anti_tritonInelastic
G4WT7 >        xi0Inelastic,  anti_xi0Inelastic,    omega-Inelastic,anti_omega-Inelastic
G4WT6 > anti_protonInelastic,anti_neutronInelastic,anti_deuteronInelastic,anti_tritonInelastic
G4WT11 >          tInelastic,       He3Inelastic,     alphaInelastic,       ionInelastic
G4WT1 >          hadElastic,hFritiofCaptureAtRest,hBertiniCaptureAtRest,muMinusCaptureAtRest
G4WT2 >          tInelastic,       He3Inelastic,     alphaInelastic,       ionInelastic
G4WT8 > anti_protonInelastic,anti_neutronInelastic,anti_deuteronInelastic,anti_tritonInelastic
G4WT10 >          tInelastic,       He3Inelastic,     alphaInelastic,       ionInelastic
G4WT13 >          tInelastic,       He3Inelastic,     alphaInelastic,       ionInelastic
G4WT9 > anti_protonInelastic,anti_neutronInelastic,anti_deuteronInelastic,anti_tritonInelastic
G4WT4 >          hadElastic,hFritiofCaptureAtRest,hBertiniCaptureAtRest,muMinusCaptureAtRest
G4WT3 >          hadElastic,hFritiofCaptureAtRest,hBertiniCaptureAtRest,muMinusCaptureAtRest
G4WT12 >          hadElastic,hFritiofCaptureAtRest,hBertiniCaptureAtRest,muMinusCaptureAtRest
G4WT5 >          tInelastic,       He3Inelastic,     alphaInelastic,       ionInelastic
G4WT0 >   anti_He3Inelastic,anti_alphaInelastic,              Decay,         dInelastic
G4WT7 > anti_protonInelastic,anti_neutronInelastic,anti_deuteronInelastic,anti_tritonInelastic
G4WT6 >   anti_He3Inelastic,anti_alphaInelastic,              Decay,         dInelastic
G4WT1 > 
G4WT11 >          hadElastic,hFritiofCaptureAtRest,hBertiniCaptureAtRest,muMinusCaptureAtRest
G4WT2 >          hadElastic,hFritiofCaptureAtRest,hBertiniCaptureAtRest,muMinusCaptureAtRest
G4WT8 >   anti_He3Inelastic,anti_alphaInelastic,              Decay,         dInelastic
G4WT10 >          hadElastic,hFritiofCaptureAtRest,hBertiniCaptureAtRest,muMinusCaptureAtRest
G4WT8 >          tInelastic,       He3Inelastic,     alphaInelastic,       ionInelastic
G4WT9 >   anti_He3Inelastic,anti_alphaInelastic,              Decay,         dInelastic
G4WT4 > 
G4WT3 > 
G4WT12 > 
G4WT5 >          hadElastic,hFritiofCaptureAtRest,hBertiniCaptureAtRest,muMinusCaptureAtRest
G4WT0 >          tInelastic,       He3Inelastic,     alphaInelastic,       ionInelastic
G4WT7 >   anti_He3Inelastic,anti_alphaInelastic,              Decay,         dInelastic
G4WT6 >          tInelastic,       He3Inelastic,     alphaInelastic,       ionInelastic
G4WT11 > 
G4WT2 > 
G4WT10 > 
G4WT13 >          hadElastic,hFritiofCaptureAtRest,hBertiniCaptureAtRest,muMinusCaptureAtRest
G4WT8 >          hadElastic,hFritiofCaptureAtRest,hBertiniCaptureAtRest,muMinusCaptureAtRest
G4WT9 >          tInelastic,       He3Inelastic,     alphaInelastic,       ionInelastic
G4WT5 > 
G4WT0 >          hadElastic,hFritiofCaptureAtRest,hBertiniCaptureAtRest,muMinusCaptureAtRest
G4WT7 >          tInelastic,       He3Inelastic,     alphaInelastic,       ionInelastic
G4WT6 >          hadElastic,hFritiofCaptureAtRest,hBertiniCaptureAtRest,muMinusCaptureAtRest
G4WT13 > 
G4WT8 > 
G4WT9 >          hadElastic,hFritiofCaptureAtRest,hBertiniCaptureAtRest,muMinusCaptureAtRest
G4WT9 > 
G4WT7 >          hadElastic,hFritiofCaptureAtRest,hBertiniCaptureAtRest,muMinusCaptureAtRest
