
Welcome to TOPAS, Tool for Particle Simulation (Version 3.6)

TOPAS is distributed under a Single User License described at:
http://www.topasmc.org/registration
Every user must have their own, individual, valid license to run TOPAS.

Loading parameters starting from: TSEPVC_AP_spoiler_gn.txt

Geant4 Data directory has been specified by the
TOPAS_G4_DATA_DIR environment variable as /Applications/G4Data

**************************************************************
 Geant4 version Name: geant4-10-06-patch-03 [MT]   (6-November-2020)
  << in Multi-threaded mode >> 
                       Copyright : Geant4 Collaboration
                      References : NIM A 506 (2003), 250-303
                                 : IEEE-TNS 53 (2006), 270-278
                                 : NIM A 835 (2016), 186-225
                             WWW : http://geant4.org/
**************************************************************

TOPAS is in MT mode, setting number of threads to: 14

TOPAS set the tolerances based on the World size to:
      Surface tolerance = 0.02 nm, and radial tolerance = 0.02 nm.
Checking overlaps for volume JawLower1 (G4Box) ... OK! 
Checking overlaps for volume JawLower2 (G4Box) ... OK! 
Checking overlaps for volume JawUpper1 (G4Box) ... OK! 
Checking overlaps for volume JawUpper2 (G4Box) ... OK! 
Checking overlaps for volume TSEBox (G4Box) ... OK! 
Checking overlaps for volume PVC (G4Box) ... OK! 
Creating parallel world: PVC_120x240x4
Checking overlaps for volume PVC_120x240x4 (G4Box) ... OK! 
Checking overlaps for volume Spoiler (G4Box) ... OK! 

Checking for Unused Components.
These are Components that were never built even though they were at least
partially defined in some parameters. This is not necessarily an error.
It may be an intentional choice to have these Component definitions handy for later use.
To turn off this check, set Ge/CheckForUnusedComponents to False
  No unused components were found.

/Applications/G4Data/G4NDL4.6
@@@ G4ParticleHPInelastic instantiated for particle neutron data directory variable is G4NEUTRONHPDATA pointing to /Applications/G4Data/G4NDL4.6/Inelastic
@@@ G4ParticleHPInelasticData instantiated for particle neutron data directory variable is G4NEUTRONHPDATA pointing to /Applications/G4Data/G4NDL4.6
NeutronHP: /Capture file for Z = 6, A = 12 is not found and NeutronHP will use /Applications/G4Data/G4NDL4.6/Capture/CrossSection/6_nat_Carbon
NeutronHP: /Elastic file for Z = 6, A = 12 is not found and NeutronHP will use /Applications/G4Data/G4NDL4.6/Elastic/CrossSection/6_nat_Carbon
NeutronHP: /Inelastic file for Z = 6, A = 12 is not found and NeutronHP will use /Applications/G4Data/G4NDL4.6/Inelastic/CrossSection/6_nat_Carbon

Phase Space file header indicates phase space is in Limited form.
Phase Space Reader performing PreCheck on file: ../../../tsePatient/TrueBeam_06E_00_IAEA
Phase Space Reader PreCheck showed no problems.

Registered Physics Processes:
CoupledTransportation,      PVC_120x240x4,        StepLimiter,     UserSpecialCut
               phot,              compt,               conv,               Rayl
                msc,              eIoni,              eBrem,          ePairProd
        CoulombScat,            annihil,             muIoni,            muBrems
         muPairProd,              hIoni,             hBrems,          hPairProd
            ionIoni,    nuclearStopping,   neutronInelastic,           nCapture
           nFission,    protonInelastic,       pi+Inelastic,       pi-Inelastic
     kaon+Inelastic,     kaon-Inelastic,    kaon0LInelastic,    kaon0SInelastic
    lambdaInelastic,anti-lambdaInelastic,    sigma-Inelastic,anti_sigma-Inelastic
    sigma+Inelastic,anti_sigma+Inelastic,       xi-Inelastic,  anti_xi-Inelastic
       xi0Inelastic,  anti_xi0Inelastic,    omega-Inelastic,anti_omega-Inelastic
anti_protonInelastic,anti_neutronInelastic,anti_deuteronInelastic,anti_tritonInelastic
  anti_He3Inelastic,anti_alphaInelastic,              Decay,         dInelastic
         tInelastic,       He3Inelastic,     alphaInelastic,       ionInelastic
         hadElastic,hFritiofCaptureAtRest,hBertiniCaptureAtRest,muMinusCaptureAtRest


Visualization verbosity changed to quiet (0)
Parameters have been dumped to the file TopasParameterDump_Run_0000.html

### ===  Deexcitation model UAtomDeexcitation is activated for 1 region:
          DefaultRegionForTheWorld  1  0  0
### ===  Ignore cuts flag:   0

phot:  for gamma SubType=12 BuildTable=0
      LambdaPrime table from 200 keV to 500 MeV in 71 bins 
      ===== EM models for the G4Region  DefaultRegionForTheWorld ======
 LivermorePhElectric : Emin=    0 eV  Emax=  500 MeV  SauterGavrila Fluo

compt:  for gamma SubType=13 BuildTable=1
      Lambda table from 100 eV  to 1 MeV, 21 bins/decade, spline: 1
      LambdaPrime table from 1 MeV to 500 MeV in 56 bins 
      ===== EM models for the G4Region  DefaultRegionForTheWorld ======
   LowEPComptonModel : Emin=    0 eV  Emax=   20 MeV Fluo
        KleinNishina : Emin=   20 MeV Emax=  500 MeV Fluo

conv:  for gamma SubType=14 BuildTable=1
      Lambda table from 1.022 MeV to 500 MeV, 33 bins/decade, spline: 1
      ===== EM models for the G4Region  DefaultRegionForTheWorld ======
      BetheHeitler5D : Emin=    0 eV  Emax=  500 MeV  ModifiedTsai

Rayl:  for gamma SubType=11 BuildTable=1
      Lambda table from 100 eV  to 100 keV, 21 bins/decade, spline: 0
      LambdaPrime table from 100 keV to 500 MeV in 77 bins 
      ===== EM models for the G4Region  DefaultRegionForTheWorld ======
   LivermoreRayleigh : Emin=    0 eV  Emax=  500 MeV  CullenGenerator

msc:  for e-  SubType= 10
      RangeFactor= 0.08, stepLimType: 2, latDisp: 1
      ===== EM models for the G4Region  DefaultRegionForTheWorld ======
  GoudsmitSaunderson : Emin=    0 eV  Emax=  100 MeV Nbins=120 100 eV  - 100 MeV
        WentzelVIUni : Emin=  100 MeV Emax=  500 MeV Nbins=20 100 MeV - 500 MeV

eIoni:  for e-  SubType=2
      dE/dx and range tables from 100 eV  to 500 MeV in 140 bins
      Lambda tables from threshold to 500 MeV, 20 bins/decade, spline: 1
      StepFunction=(0.2, 0.01 mm), integ: 1, fluct: 1, linLossLim= 0.01
      ===== EM models for the G4Region  DefaultRegionForTheWorld ======
       LowEnergyIoni : Emin=    0 eV  Emax=  100 keV  deltaVI
        MollerBhabha : Emin=  100 keV Emax=  500 MeV  deltaVI

eBrem:  for e-  SubType=3
      dE/dx and range tables from 100 eV  to 500 MeV in 140 bins
      Lambda tables from threshold to 500 MeV, 20 bins/decade, spline: 1
      LPM flag: 1 for E > 0.5 GeV,  VertexHighEnergyTh(GeV)= 100000
      ===== EM models for the G4Region  DefaultRegionForTheWorld ======
             eBremSB : Emin=    0 eV  Emax=  500 MeV  AngularGen2BS

ePairProd:  for e-  SubType=4
      dE/dx and range tables from 100 eV  to 500 MeV in 140 bins
      Lambda tables from threshold to 500 MeV, 20 bins/decade, spline: 1
      Sampling table 4x1001; from 0.1 GeV to 0.0005 TeV 
      ===== EM models for the G4Region  DefaultRegionForTheWorld ======
           ePairProd : Emin=    0 eV  Emax=  500 MeV

CoulombScat:  for e-, integral:1  SubType=1 BuildTable=1
      Lambda table from 100 MeV to 500 MeV, 21 bins/decade, spline: 1
      ThetaMin(p) < Theta(degree) < 180; pLimit(GeV^1)= 0.139531
      ===== EM models for the G4Region  DefaultRegionForTheWorld ======
  eCoulombScattering : Emin=  100 MeV Emax=  500 MeV

msc:  for e+  SubType= 10
      RangeFactor= 0.08, stepLimType: 2, latDisp: 1
      ===== EM models for the G4Region  DefaultRegionForTheWorld ======
  GoudsmitSaunderson : Emin=    0 eV  Emax=  100 MeV Nbins=120 100 eV  - 100 MeV
        WentzelVIUni : Emin=  100 MeV Emax=  500 MeV Nbins=20 100 MeV - 500 MeV

eIoni:  for e+  SubType=2
      dE/dx and range tables from 100 eV  to 500 MeV in 140 bins
      Lambda tables from threshold to 500 MeV, 20 bins/decade, spline: 1
      StepFunction=(0.2, 0.01 mm), integ: 1, fluct: 1, linLossLim= 0.01
      ===== EM models for the G4Region  DefaultRegionForTheWorld ======
             PenIoni : Emin=    0 eV  Emax=  100 keV
        MollerBhabha : Emin=  100 keV Emax=  500 MeV  deltaVI

eBrem:  for e+  SubType=3
      dE/dx and range tables from 100 eV  to 500 MeV in 140 bins
      Lambda tables from threshold to 500 MeV, 20 bins/decade, spline: 1
      LPM flag: 1 for E > 0.5 GeV,  VertexHighEnergyTh(GeV)= 100000
      ===== EM models for the G4Region  DefaultRegionForTheWorld ======
             eBremSB : Emin=    0 eV  Emax=  500 MeV  AngularGen2BS

ePairProd:  for e+  SubType=4
      dE/dx and range tables from 100 eV  to 500 MeV in 140 bins
      Lambda tables from threshold to 500 MeV, 20 bins/decade, spline: 1
      Sampling table 4x1001; from 0.1 GeV to 0.0005 TeV 
      ===== EM models for the G4Region  DefaultRegionForTheWorld ======
           ePairProd : Emin=    0 eV  Emax=  500 MeV

annihil:  for e+, integral:1  SubType=5 BuildTable=0
      ===== EM models for the G4Region  DefaultRegionForTheWorld ======
            eplus2gg : Emin=    0 eV  Emax=  500 MeV

CoulombScat:  for e+, integral:1  SubType=1 BuildTable=1
      Lambda table from 100 MeV to 500 MeV, 21 bins/decade, spline: 1
      ThetaMin(p) < Theta(degree) < 180; pLimit(GeV^1)= 0.139531
      ===== EM models for the G4Region  DefaultRegionForTheWorld ======
  eCoulombScattering : Emin=  100 MeV Emax=  500 MeV

msc:  for proton  SubType= 10
      RangeFactor= 0.2, stepLimType: 0, latDisp: 1
      ===== EM models for the G4Region  DefaultRegionForTheWorld ======
        WentzelVIUni : Emin=    0 eV  Emax=  500 MeV Nbins=140 100 eV  - 500 MeV

hIoni:  for proton  SubType=2
      dE/dx and range tables from 100 eV  to 500 MeV in 140 bins
      Lambda tables from threshold to 500 MeV, 20 bins/decade, spline: 1
      StepFunction=(0.1, 0.02 mm), integ: 1, fluct: 1, linLossLim= 0.01
      ===== EM models for the G4Region  DefaultRegionForTheWorld ======
               Bragg : Emin=    0 eV  Emax=    2 MeV  deltaVI
          BetheBloch : Emin=    2 MeV Emax=  500 MeV  deltaVI

hBrems:  for proton  SubType=3
      dE/dx and range tables from 100 eV  to 500 MeV in 140 bins
      Lambda tables from threshold to 500 MeV, 20 bins/decade, spline: 1
      ===== EM models for the G4Region  DefaultRegionForTheWorld ======
               hBrem : Emin=    0 eV  Emax=  500 MeV

hPairProd:  for proton  SubType=4
      dE/dx and range tables from 100 eV  to 500 MeV in 140 bins
      Lambda tables from threshold to 500 MeV, 20 bins/decade, spline: 1
      ===== EM models for the G4Region  DefaultRegionForTheWorld ======
           hPairProd : Emin=    0 eV  Emax=  500 MeV

CoulombScat:  for proton, integral:1  SubType=1 BuildTable=1
      Lambda table from threshold  to 500 MeV, 21 bins/decade, spline: 1
      ThetaMin(p) < Theta(degree) < 180; pLimit(GeV^1)= 0.139531
      ===== EM models for the G4Region  DefaultRegionForTheWorld ======
  eCoulombScattering : Emin=    0 eV  Emax=  500 MeV

msc:  for GenericIon  SubType= 10
      RangeFactor= 0.2, stepLimType: 0, latDisp: 0
      ===== EM models for the G4Region  DefaultRegionForTheWorld ======
            UrbanMsc : Emin=    0 eV  Emax=  500 MeV

ionIoni:  for GenericIon  SubType=2
      dE/dx and range tables from 100 eV  to 500 MeV in 140 bins
      Lambda tables from threshold to 500 MeV, 20 bins/decade, spline: 1
      StepFunction=(0.1, 0.001 mm), integ: 1, fluct: 1, linLossLim= 0.02
      ===== EM models for the G4Region  DefaultRegionForTheWorld ======
         ParamICRU73 : Emin=    0 eV  Emax=  500 MeV  deltaVI

nuclearStopping:  for GenericIon SubType=8 BuildTable=0
      ===== EM models for the G4Region  DefaultRegionForTheWorld ======
   ICRU49NucStopping : Emin=    0 eV  Emax=    1 MeV

msc:  for alpha  SubType= 10
      RangeFactor= 0.2, stepLimType: 0, latDisp: 1
      ===== EM models for the G4Region  DefaultRegionForTheWorld ======
            UrbanMsc : Emin=    0 eV  Emax=  500 MeV Nbins=140 100 eV  - 500 MeV

ionIoni:  for alpha  SubType=2
      dE/dx and range tables from 100 eV  to 500 MeV in 140 bins
      Lambda tables from threshold to 500 MeV, 20 bins/decade, spline: 1
      StepFunction=(0.1, 0.02 mm), integ: 1, fluct: 1, linLossLim= 0.02
      ===== EM models for the G4Region  DefaultRegionForTheWorld ======
            BraggIon : Emin=    0 eV  Emax=7.9452 MeV  deltaVI
          BetheBloch : Emin=7.9452 MeV Emax=  500 MeV  deltaVI

nuclearStopping:  for alpha SubType=8 BuildTable=0
      ===== EM models for the G4Region  DefaultRegionForTheWorld ======
   ICRU49NucStopping : Emin=    0 eV  Emax=    1 MeV

msc:  for anti_proton  SubType= 10
      RangeFactor= 0.2, stepLimType: 0, latDisp: 1
      ===== EM models for the G4Region  DefaultRegionForTheWorld ======
        WentzelVIUni : Emin=    0 eV  Emax=  500 MeV Nbins=140 100 eV  - 500 MeV

hIoni:  for anti_proton  SubType=2
      dE/dx and range tables from 100 eV  to 500 MeV in 140 bins
      Lambda tables from threshold to 500 MeV, 20 bins/decade, spline: 1
      StepFunction=(0.1, 0.02 mm), integ: 1, fluct: 1, linLossLim= 0.01
      ===== EM models for the G4Region  DefaultRegionForTheWorld ======
            ICRU73QO : Emin=    0 eV  Emax=    2 MeV  deltaVI
          BetheBloch : Emin=    2 MeV Emax=  500 MeV  deltaVI

hBrems:  for anti_proton  SubType=3
      dE/dx and range tables from 100 eV  to 500 MeV in 140 bins
      Lambda tables from threshold to 500 MeV, 20 bins/decade, spline: 1
      ===== EM models for the G4Region  DefaultRegionForTheWorld ======
               hBrem : Emin=    0 eV  Emax=  500 MeV

hPairProd:  for anti_proton  SubType=4
      dE/dx and range tables from 100 eV  to 500 MeV in 140 bins
      Lambda tables from threshold to 500 MeV, 20 bins/decade, spline: 1
      ===== EM models for the G4Region  DefaultRegionForTheWorld ======
           hPairProd : Emin=    0 eV  Emax=  500 MeV

CoulombScat:  for anti_proton, integral:1  SubType=1 BuildTable=1
      Lambda table from threshold  to 500 MeV, 21 bins/decade, spline: 1
      ThetaMin(p) < Theta(degree) < 180; pLimit(GeV^1)= 0.139531
      ===== EM models for the G4Region  DefaultRegionForTheWorld ======
  eCoulombScattering : Emin=    0 eV  Emax=  500 MeV

msc:  for kaon+  SubType= 10
      RangeFactor= 0.2, stepLimType: 0, latDisp: 1
      ===== EM models for the G4Region  DefaultRegionForTheWorld ======
        WentzelVIUni : Emin=    0 eV  Emax=  500 MeV Nbins=140 100 eV  - 500 MeV

hIoni:  for kaon+  SubType=2
      dE/dx and range tables from 100 eV  to 500 MeV in 140 bins
      Lambda tables from threshold to 500 MeV, 20 bins/decade, spline: 1
      StepFunction=(0.1, 0.02 mm), integ: 1, fluct: 1, linLossLim= 0.01
      ===== EM models for the G4Region  DefaultRegionForTheWorld ======
               Bragg : Emin=    0 eV  Emax=1.05231 MeV  deltaVI
          BetheBloch : Emin=1.05231 MeV Emax=  500 MeV  deltaVI

hBrems:  for kaon+  SubType=3
      dE/dx and range tables from 100 eV  to 500 MeV in 140 bins
      Lambda tables from threshold to 500 MeV, 20 bins/decade, spline: 1
      ===== EM models for the G4Region  DefaultRegionForTheWorld ======
               hBrem : Emin=    0 eV  Emax=  500 MeV

hPairProd:  for kaon+  SubType=4
      dE/dx and range tables from 100 eV  to 500 MeV in 140 bins
      Lambda tables from threshold to 500 MeV, 20 bins/decade, spline: 1
      ===== EM models for the G4Region  DefaultRegionForTheWorld ======
           hPairProd : Emin=    0 eV  Emax=  500 MeV

CoulombScat:  for kaon+, integral:1  SubType=1 BuildTable=1
      Lambda table from threshold  to 500 MeV, 21 bins/decade, spline: 1
      ThetaMin(p) < Theta(degree) < 180; pLimit(GeV^1)= 0.139531
      ===== EM models for the G4Region  DefaultRegionForTheWorld ======
  eCoulombScattering : Emin=    0 eV  Emax=  500 MeV

msc:  for kaon-  SubType= 10
      RangeFactor= 0.2, stepLimType: 0, latDisp: 1
      ===== EM models for the G4Region  DefaultRegionForTheWorld ======
        WentzelVIUni : Emin=    0 eV  Emax=  500 MeV Nbins=140 100 eV  - 500 MeV

hIoni:  for kaon-  SubType=2
      dE/dx and range tables from 100 eV  to 500 MeV in 140 bins
      Lambda tables from threshold to 500 MeV, 20 bins/decade, spline: 1
      StepFunction=(0.1, 0.02 mm), integ: 1, fluct: 1, linLossLim= 0.01
      ===== EM models for the G4Region  DefaultRegionForTheWorld ======
            ICRU73QO : Emin=    0 eV  Emax=1.05231 MeV  deltaVI
          BetheBloch : Emin=1.05231 MeV Emax=  500 MeV  deltaVI

hBrems:  for kaon-  SubType=3
      dE/dx and range tables from 100 eV  to 500 MeV in 140 bins
      Lambda tables from threshold to 500 MeV, 20 bins/decade, spline: 1
      ===== EM models for the G4Region  DefaultRegionForTheWorld ======
               hBrem : Emin=    0 eV  Emax=  500 MeV

hPairProd:  for kaon-  SubType=4
      dE/dx and range tables from 100 eV  to 500 MeV in 140 bins
      Lambda tables from threshold to 500 MeV, 20 bins/decade, spline: 1
      ===== EM models for the G4Region  DefaultRegionForTheWorld ======
           hPairProd : Emin=    0 eV  Emax=  500 MeV

CoulombScat:  for kaon-, integral:1  SubType=1 BuildTable=1
      Used Lambda table of kaon+
      ThetaMin(p) < Theta(degree) < 180; pLimit(GeV^1)= 0.139531
      ===== EM models for the G4Region  DefaultRegionForTheWorld ======
  eCoulombScattering : Emin=    0 eV  Emax=  500 MeV

msc:  for mu+  SubType= 10
      RangeFactor= 0.2, stepLimType: 0, latDisp: 1, polarAngLim(deg)= 180
      ===== EM models for the G4Region  DefaultRegionForTheWorld ======
        WentzelVIUni : Emin=    0 eV  Emax=  500 MeV Nbins=140 100 eV  - 500 MeV

muIoni:  for mu+  SubType=2
      dE/dx and range tables from 100 eV  to 500 MeV in 140 bins
      Lambda tables from threshold to 500 MeV, 20 bins/decade, spline: 1
      StepFunction=(0.1, 0.02 mm), integ: 1, fluct: 1, linLossLim= 0.01
      ===== EM models for the G4Region  DefaultRegionForTheWorld ======
               Bragg : Emin=    0 eV  Emax=  200 keV  deltaVI
          BetheBloch : Emin=  200 keV Emax=  500 MeV  deltaVI

muBrems:  for mu+  SubType=3
      dE/dx and range tables from 100 eV  to 500 MeV in 140 bins
      Lambda tables from threshold to 500 MeV, 20 bins/decade, spline: 1
      ===== EM models for the G4Region  DefaultRegionForTheWorld ======
              MuBrem : Emin=    0 eV  Emax=  500 MeV

muPairProd:  for mu+  SubType=4
      dE/dx and range tables from 100 eV  to 500 MeV in 140 bins
      Lambda tables from threshold to 500 MeV, 20 bins/decade, spline: 1
      ===== EM models for the G4Region  DefaultRegionForTheWorld ======
          muPairProd : Emin=    0 eV  Emax=  500 MeV

CoulombScat:  for mu+, integral:1  SubType=1 BuildTable=1
      Lambda table from threshold  to 500 MeV, 21 bins/decade, spline: 1
      ThetaMin(p) < Theta(degree) < 180; pLimit(GeV^1)= 0.139531
      ===== EM models for the G4Region  DefaultRegionForTheWorld ======
  eCoulombScattering : Emin=    0 eV  Emax=  500 MeV

msc:  for mu-  SubType= 10
      RangeFactor= 0.2, stepLimType: 0, latDisp: 1, polarAngLim(deg)= 180
      ===== EM models for the G4Region  DefaultRegionForTheWorld ======
        WentzelVIUni : Emin=    0 eV  Emax=  500 MeV Nbins=140 100 eV  - 500 MeV

muIoni:  for mu-  SubType=2
      dE/dx and range tables from 100 eV  to 500 MeV in 140 bins
      Lambda tables from threshold to 500 MeV, 20 bins/decade, spline: 1
      StepFunction=(0.1, 0.02 mm), integ: 1, fluct: 1, linLossLim= 0.01
      ===== EM models for the G4Region  DefaultRegionForTheWorld ======
            ICRU73QO : Emin=    0 eV  Emax=  200 keV  deltaVI
          BetheBloch : Emin=  200 keV Emax=  500 MeV  deltaVI

muBrems:  for mu-  SubType=3
      dE/dx and range tables from 100 eV  to 500 MeV in 140 bins
      Lambda tables from threshold to 500 MeV, 20 bins/decade, spline: 1
      ===== EM models for the G4Region  DefaultRegionForTheWorld ======
              MuBrem : Emin=    0 eV  Emax=  500 MeV

muPairProd:  for mu-  SubType=4
      dE/dx and range tables from 100 eV  to 500 MeV in 140 bins
      Lambda tables from threshold to 500 MeV, 20 bins/decade, spline: 1
      ===== EM models for the G4Region  DefaultRegionForTheWorld ======
          muPairProd : Emin=    0 eV  Emax=  500 MeV

CoulombScat:  for mu-, integral:1  SubType=1 BuildTable=1
      Used Lambda table of mu+
      ThetaMin(p) < Theta(degree) < 180; pLimit(GeV^1)= 0.139531
      ===== EM models for the G4Region  DefaultRegionForTheWorld ======
  eCoulombScattering : Emin=    0 eV  Emax=  500 MeV
@@@ G4ParticleHPInelastic instantiated for particle neutron data directory variable is G4NEUTRONHPDATA pointing to /Applications/G4Data/G4NDL4.6/Inelastic
NeutronHP: /Capture file for Z = 6, A = 12 is not found and NeutronHP will use /Applications/G4Data/G4NDL4.6/Capture/CrossSection/6_nat_Carbon
NeutronHP: /Elastic file for Z = 6, A = 12 is not found and NeutronHP will use /Applications/G4Data/G4NDL4.6/Elastic/CrossSection/6_nat_Carbon
NeutronHP: /Inelastic file for Z = 6, A = 12 is not found and NeutronHP will use /Applications/G4Data/G4NDL4.6/Inelastic/CrossSection/6_nat_Carbon
NeutronHP: /Capture file for Z = 6, A = 12 is not found and NeutronHP will use /Applications/G4Data/G4NDL4.6/Capture/CrossSection/6_nat_Carbon
NeutronHP: /Elastic file for Z = 6, A = 12 is not found and NeutronHP will use /Applications/G4Data/G4NDL4.6/Elastic/CrossSection/6_nat_Carbon

msc:  for pi+  SubType= 10
      RangeFactor= 0.2, stepLimType: 0, latDisp: 1
      ===== EM models for the G4Region  DefaultRegionForTheWorld ======
        WentzelVIUni : Emin=    0 eV  Emax=  500 MeV Nbins=140 100 eV  - 500 MeV

hIoni:  for pi+  SubType=2
      dE/dx and range tables from 100 eV  to 500 MeV in 140 bins
      Lambda tables from threshold to 500 MeV, 20 bins/decade, spline: 1
      StepFunction=(0.1, 0.02 mm), integ: 1, fluct: 1, linLossLim= 0.01
      ===== EM models for the G4Region  DefaultRegionForTheWorld ======
               Bragg : Emin=    0 eV  Emax=297.505 keV  deltaVI
          BetheBloch : Emin=297.505 keV Emax=  500 MeV  deltaVI

hBrems:  for pi+  SubType=3
      dE/dx and range tables from 100 eV  to 500 MeV in 140 bins
      Lambda tables from threshold to 500 MeV, 20 bins/decade, spline: 1
      ===== EM models for the G4Region  DefaultRegionForTheWorld ======
               hBrem : Emin=    0 eV  Emax=  500 MeV

hPairProd:  for pi+  SubType=4
      dE/dx and range tables from 100 eV  to 500 MeV in 140 bins
      Lambda tables from threshold to 500 MeV, 20 bins/decade, spline: 1
      ===== EM models for the G4Region  DefaultRegionForTheWorld ======
           hPairProd : Emin=    0 eV  Emax=  500 MeV

CoulombScat:  for pi+, integral:1  SubType=1 BuildTable=1
      Lambda table from threshold  to 500 MeV, 21 bins/decade, spline: 1
      ThetaMin(p) < Theta(degree) < 180; pLimit(GeV^1)= 0.139531
      ===== EM models for the G4Region  DefaultRegionForTheWorld ======
  eCoulombScattering : Emin=    0 eV  Emax=  500 MeV

msc:  for pi-  SubType= 10
      RangeFactor= 0.2, stepLimType: 0, latDisp: 1
      ===== EM models for the G4Region  DefaultRegionForTheWorld ======
        WentzelVIUni : Emin=    0 eV  Emax=  500 MeV Nbins=140 100 eV  - 500 MeV

hIoni:  for pi-  SubType=2
      dE/dx and range tables from 100 eV  to 500 MeV in 140 bins
      Lambda tables from threshold to 500 MeV, 20 bins/decade, spline: 1
      StepFunction=(0.1, 0.02 mm), integ: 1, fluct: 1, linLossLim= 0.01
      ===== EM models for the G4Region  DefaultRegionForTheWorld ======
            ICRU73QO : Emin=    0 eV  Emax=297.505 keV  deltaVI
          BetheBloch : Emin=297.505 keV Emax=  500 MeV  deltaVI

hBrems:  for pi-  SubType=3
      dE/dx and range tables from 100 eV  to 500 MeV in 140 bins
      Lambda tables from threshold to 500 MeV, 20 bins/decade, spline: 1
      ===== EM models for the G4Region  DefaultRegionForTheWorld ======
               hBrem : Emin=    0 eV  Emax=  500 MeV

hPairProd:  for pi-  SubType=4
      dE/dx and range tables from 100 eV  to 500 MeV in 140 bins
      Lambda tables from threshold to 500 MeV, 20 bins/decade, spline: 1
      ===== EM models for the G4Region  DefaultRegionForTheWorld ======
           hPairProd : Emin=    0 eV  Emax=  500 MeV

CoulombScat:  for pi-, integral:1  SubType=1 BuildTable=1
      Used Lambda table of pi+
      ThetaMin(p) < Theta(degree) < 180; pLimit(GeV^1)= 0.139531
      ===== EM models for the G4Region  DefaultRegionForTheWorld ======
  eCoulombScattering : Emin=    0 eV  Emax=  500 MeV

====================================================================
                  HADRONIC PROCESSES SUMMARY (verbose level 1)

---------------------------------------------------
                           Hadronic Processes for GenericIon

  Process: ionInelastic
        Model:  Binary Light Ion Cascade: 0 eV /n ---> 6 GeV/n
        Model:                      FTFP: 3 GeV/n ---> 100 TeV/n
     Cr_sctns:  Glauber-Gribov Nucl-nucl: 0 eV  ---> 25.6 PeV

---------------------------------------------------
                           Hadronic Processes for He3

  Process: He3Inelastic
        Model:  Binary Light Ion Cascade: 0 eV /n ---> 6 GeV/n
        Model:                      FTFP: 3 GeV/n ---> 100 TeV/n
     Cr_sctns:  Glauber-Gribov Nucl-nucl: 0 eV  ---> 25.6 PeV

  Process: hadElastic
        Model:              hElasticLHEP: 0 eV /n ---> 100 TeV/n
     Cr_sctns:  Glauber-Gribov Nucl-nucl: 0 eV  ---> 25.6 PeV

---------------------------------------------------
                           Hadronic Processes for alpha

  Process: alphaInelastic
        Model:  Binary Light Ion Cascade: 0 eV /n ---> 6 GeV/n
        Model:                      FTFP: 3 GeV/n ---> 100 TeV/n
     Cr_sctns:  Glauber-Gribov Nucl-nucl: 0 eV  ---> 25.6 PeV

  Process: hadElastic
        Model:              hElasticLHEP: 0 eV /n ---> 100 TeV/n
     Cr_sctns:  Glauber-Gribov Nucl-nucl: 0 eV  ---> 25.6 PeV

---------------------------------------------------
                           Hadronic Processes for anti_He3

  Process: anti_He3Inelastic
        Model:                      FTFP: 0 eV /n ---> 100 TeV/n
     Cr_sctns:              AntiAGlauber: 0 eV  ---> 25.6 PeV

  Process: hadElastic
        Model:              hElasticLHEP: 0 eV /n ---> 100.1 MeV/n
        Model:              AntiAElastic: 100 MeV/n ---> 100 TeV/n
     Cr_sctns:              AntiAGlauber: 0 eV  ---> 25.6 PeV

  Process: hFritiofCaptureAtRest

---------------------------------------------------
                           Hadronic Processes for anti_alpha

  Process: anti_alphaInelastic
        Model:                      FTFP: 0 eV /n ---> 100 TeV/n
     Cr_sctns:              AntiAGlauber: 0 eV  ---> 25.6 PeV

  Process: hadElastic
        Model:              hElasticLHEP: 0 eV /n ---> 100.1 MeV/n
        Model:              AntiAElastic: 100 MeV/n ---> 100 TeV/n
     Cr_sctns:              AntiAGlauber: 0 eV  ---> 25.6 PeV

  Process: hFritiofCaptureAtRest

---------------------------------------------------
                           Hadronic Processes for anti_deuteron

  Process: anti_deuteronInelastic
        Model:                      FTFP: 0 eV /n ---> 100 TeV/n
     Cr_sctns:              AntiAGlauber: 0 eV  ---> 25.6 PeV

  Process: hadElastic
        Model:              hElasticLHEP: 0 eV /n ---> 100.1 MeV/n
        Model:              AntiAElastic: 100 MeV/n ---> 100 TeV/n
     Cr_sctns:              AntiAGlauber: 0 eV  ---> 25.6 PeV

  Process: hFritiofCaptureAtRest

---------------------------------------------------
                           Hadronic Processes for anti_neutron

  Process: anti_neutronInelastic
        Model:                      FTFP: 0 eV  ---> 100 TeV
     Cr_sctns:              AntiAGlauber: 0 eV  ---> 25.6 PeV

  Process: hadElastic
        Model:              hElasticLHEP: 0 eV  ---> 100.1 MeV
        Model:              AntiAElastic: 100 MeV ---> 100 TeV
     Cr_sctns:              AntiAGlauber: 0 eV  ---> 25.6 PeV

  Process: hFritiofCaptureAtRest

---------------------------------------------------
                           Hadronic Processes for anti_proton

  Process: anti_protonInelastic
        Model:                      FTFP: 0 eV  ---> 100 TeV
     Cr_sctns:              AntiAGlauber: 0 eV  ---> 25.6 PeV

  Process: hadElastic
        Model:              hElasticLHEP: 0 eV  ---> 100.1 MeV
        Model:              AntiAElastic: 100 MeV ---> 100 TeV
     Cr_sctns:              AntiAGlauber: 0 eV  ---> 25.6 PeV

  Process: hFritiofCaptureAtRest

---------------------------------------------------
                           Hadronic Processes for anti_triton

  Process: anti_tritonInelastic
        Model:                      FTFP: 0 eV /n ---> 100 TeV/n
     Cr_sctns:              AntiAGlauber: 0 eV  ---> 25.6 PeV

  Process: hadElastic
        Model:              hElasticLHEP: 0 eV /n ---> 100.1 MeV/n
        Model:              AntiAElastic: 100 MeV/n ---> 100 TeV/n
     Cr_sctns:              AntiAGlauber: 0 eV  ---> 25.6 PeV

  Process: hFritiofCaptureAtRest

---------------------------------------------------
                           Hadronic Processes for deuteron

  Process: dInelastic
        Model:  Binary Light Ion Cascade: 0 eV /n ---> 6 GeV/n
        Model:                      FTFP: 3 GeV/n ---> 100 TeV/n
     Cr_sctns:  Glauber-Gribov Nucl-nucl: 0 eV  ---> 25.6 PeV

  Process: hadElastic
        Model:              hElasticLHEP: 0 eV /n ---> 100 TeV/n
     Cr_sctns:  Glauber-Gribov Nucl-nucl: 0 eV  ---> 25.6 PeV

---------------------------------------------------
                           Hadronic Processes for kaon+

  Process: kaon+Inelastic
        Model:                      QGSP: 12 GeV ---> 100 TeV
        Model:                      FTFP: 3 GeV ---> 25 GeV
        Model:            BertiniCascade: 0 eV  ---> 6 GeV
     Cr_sctns:            Glauber-Gribov: 0 eV  ---> 100 TeV

  Process: hadElastic
        Model:              hElasticLHEP: 0 eV  ---> 100 TeV
     Cr_sctns:            Glauber-Gribov: 0 eV  ---> 100 TeV

---------------------------------------------------
                           Hadronic Processes for kaon-

  Process: kaon-Inelastic
        Model:                      QGSP: 12 GeV ---> 100 TeV
        Model:                      FTFP: 3 GeV ---> 25 GeV
        Model:            BertiniCascade: 0 eV  ---> 6 GeV
     Cr_sctns:            Glauber-Gribov: 0 eV  ---> 100 TeV

  Process: hadElastic
        Model:              hElasticLHEP: 0 eV  ---> 100 TeV
     Cr_sctns:            Glauber-Gribov: 0 eV  ---> 100 TeV

  Process: hBertiniCaptureAtRest

---------------------------------------------------
                           Hadronic Processes for lambda

  Process: lambdaInelastic
        Model:            BertiniCascade: 0 eV  ---> 6 GeV
        Model:                      FTFP: 3 GeV ---> 100 TeV
     Cr_sctns:            Glauber-Gribov: 0 eV  ---> 100 TeV

  Process: hadElastic
        Model:              hElasticLHEP: 0 eV  ---> 100 TeV
     Cr_sctns:            Glauber-Gribov: 0 eV  ---> 100 TeV

---------------------------------------------------
                           Hadronic Processes for mu-

  Process: muMinusCaptureAtRest

---------------------------------------------------
                           Hadronic Processes for neutron

  Process: neutronInelastic
        Model:                      QGSP: 12 GeV ---> 100 TeV
        Model:                      FTFP: 3 GeV ---> 25 GeV
        Model:            Binary Cascade: 19.9 MeV ---> 6 GeV
        Model:        NeutronHPInelastic: 0 eV  ---> 20 MeV
     Cr_sctns:      NeutronHPInelasticXS: 0 eV  ---> 20 MeV
     Cr_sctns:  BarashenkovGlauberGribov: 0 eV  ---> 100 TeV

  Process: nCapture
        Model:          NeutronHPCapture: 0 eV  ---> 20 MeV
        Model:               nRadCapture: 19.9 MeV ---> 100 TeV
     Cr_sctns:        NeutronHPCaptureXS: 0 eV  ---> 20 MeV
     Cr_sctns:        G4NeutronCaptureXS: 0 eV  ---> 100 TeV

  Process: nFission
        Model:          NeutronHPFission: 0 eV  ---> 20 MeV
        Model:                G4LFission: 19.9 MeV ---> 100 TeV
     Cr_sctns:        NeutronHPFissionXS: 0 eV  ---> 20 MeV
     Cr_sctns:          GheishaFissionXS: 0 eV  ---> 100 TeV

  Process: hadElastic
        Model:             hElasticCHIPS: 19.5 MeV ---> 100 TeV
        Model:          NeutronHPElastic: 0 eV  ---> 20 MeV
     Cr_sctns:        NeutronHPElasticXS: 0 eV  ---> 20 MeV
     Cr_sctns:        G4NeutronElasticXS: 0 eV  ---> 100 TeV

---------------------------------------------------
                           Hadronic Processes for pi+

  Process: pi+Inelastic
        Model:                      QGSP: 12 GeV ---> 100 TeV
        Model:                      FTFP: 3 GeV ---> 25 GeV
        Model:            BertiniCascade: 0 eV  ---> 6 GeV
     Cr_sctns:  BarashenkovGlauberGribov: 0 eV  ---> 100 TeV

  Process: hadElastic
        Model:           hElasticGlauber: 0 eV  ---> 100 TeV
     Cr_sctns:  BarashenkovGlauberGribov: 0 eV  ---> 100 TeV

---------------------------------------------------
                           Hadronic Processes for pi-

  Process: pi-Inelastic
        Model:                      QGSP: 12 GeV ---> 100 TeV
        Model:                      FTFP: 3 GeV ---> 25 GeV
        Model:            BertiniCascade: 0 eV  ---> 6 GeV
     Cr_sctns:  BarashenkovGlauberGribov: 0 eV  ---> 100 TeV

  Process: hadElastic
        Model:           hElasticGlauber: 0 eV  ---> 100 TeV
     Cr_sctns:  BarashenkovGlauberGribov: 0 eV  ---> 100 TeV

  Process: hBertiniCaptureAtRest

---------------------------------------------------
                           Hadronic Processes for proton

  Process: protonInelastic
        Model:                      QGSP: 12 GeV ---> 100 TeV
        Model:                      FTFP: 3 GeV ---> 25 GeV
        Model:            Binary Cascade: 0 eV  ---> 6 GeV
     Cr_sctns:  BarashenkovGlauberGribov: 0 eV  ---> 100 TeV

  Process: hadElastic
        Model:             hElasticCHIPS: 0 eV  ---> 100 TeV
     Cr_sctns:  BarashenkovGlauberGribov: 0 eV  ---> 100 TeV

---------------------------------------------------
                           Hadronic Processes for triton

  Process: tInelastic
        Model:  Binary Light Ion Cascade: 0 eV /n ---> 6 GeV/n
        Model:                      FTFP: 3 GeV/n ---> 100 TeV/n
     Cr_sctns:  Glauber-Gribov Nucl-nucl: 0 eV  ---> 25.6 PeV

  Process: hadElastic
        Model:              hElasticLHEP: 0 eV /n ---> 100 TeV/n
     Cr_sctns:  Glauber-Gribov Nucl-nucl: 0 eV  ---> 25.6 PeV

================================================================
G4WT6 > CoupledTransportation,      PVC_120x240x4,        StepLimiter,     UserSpecialCut
G4WT0 > CoupledTransportation,      PVC_120x240x4,        StepLimiter,     UserSpecialCut
G4WT5 > CoupledTransportation,      PVC_120x240x4,        StepLimiter,     UserSpecialCut
G4WT3 > CoupledTransportation,      PVC_120x240x4,        StepLimiter,     UserSpecialCut
G4WT12 > CoupledTransportation,      PVC_120x240x4,        StepLimiter,     UserSpecialCut
G4WT8 > CoupledTransportation,      PVC_120x240x4,        StepLimiter,     UserSpecialCut
G4WT9 > CoupledTransportation,      PVC_120x240x4,        StepLimiter,     UserSpecialCut
G4WT4 > CoupledTransportation,      PVC_120x240x4,        StepLimiter,     UserSpecialCut
G4WT13 > CoupledTransportation,      PVC_120x240x4,        StepLimiter,     UserSpecialCut
G4WT2 > CoupledTransportation,      PVC_120x240x4,        StepLimiter,     UserSpecialCut
G4WT7 > CoupledTransportation,      PVC_120x240x4,        StepLimiter,     UserSpecialCut
G4WT1 > CoupledTransportation,      PVC_120x240x4,        StepLimiter,     UserSpecialCut
G4WT11 > CoupledTransportation,      PVC_120x240x4,        StepLimiter,     UserSpecialCut
G4WT1 >                phot,              compt,               conv,               Rayl
G4WT11 >                phot,              compt,               conv,               Rayl
G4WT1 >                 msc,              eIoni,              eBrem,          ePairProd
G4WT11 >                 msc,              eIoni,              eBrem,          ePairProd
G4WT1 >         CoulombScat,            annihil,             muIoni,            muBrems
G4WT11 >         CoulombScat,            annihil,             muIoni,            muBrems
G4WT1 >          muPairProd,              hIoni,             hBrems,          hPairProd
G4WT11 >          muPairProd,              hIoni,             hBrems,          hPairProd
G4WT1 >             ionIoni,    nuclearStopping,   neutronInelastic,           nCapture
G4WT11 >             ionIoni,    nuclearStopping,   neutronInelastic,           nCapture
G4WT2 >                phot,              compt,               conv,               Rayl
G4WT7 >                phot,              compt,               conv,               Rayl
G4WT10 > CoupledTransportation,      PVC_120x240x4,        StepLimiter,     UserSpecialCut
G4WT6 >                phot,              compt,               conv,               Rayl
G4WT0 >                phot,              compt,               conv,               Rayl
G4WT5 >                phot,              compt,               conv,               Rayl
G4WT3 >                phot,              compt,               conv,               Rayl
G4WT12 >                phot,              compt,               conv,               Rayl
G4WT8 >                phot,              compt,               conv,               Rayl
G4WT9 >                phot,              compt,               conv,               Rayl
G4WT4 >                phot,              compt,               conv,               Rayl
G4WT13 >                phot,              compt,               conv,               Rayl
G4WT1 >            nFission,    protonInelastic,       pi+Inelastic,       pi-Inelastic
G4WT11 >            nFission,    protonInelastic,       pi+Inelastic,       pi-Inelastic
G4WT2 >                 msc,              eIoni,              eBrem,          ePairProd
G4WT11 >      kaon+Inelastic,     kaon-Inelastic,    kaon0LInelastic,    kaon0SInelastic
G4WT10 >                phot,              compt,               conv,               Rayl
G4WT6 >                 msc,              eIoni,              eBrem,          ePairProd
G4WT0 >                 msc,              eIoni,              eBrem,          ePairProd
G4WT5 >                 msc,              eIoni,              eBrem,          ePairProd
G4WT3 >                 msc,              eIoni,              eBrem,          ePairProd
G4WT12 >                 msc,              eIoni,              eBrem,          ePairProd
G4WT8 >                 msc,              eIoni,              eBrem,          ePairProd
G4WT9 >                 msc,              eIoni,              eBrem,          ePairProd
G4WT4 >                 msc,              eIoni,              eBrem,          ePairProd
G4WT13 >                 msc,              eIoni,              eBrem,          ePairProd
G4WT1 >      kaon+Inelastic,     kaon-Inelastic,    kaon0LInelastic,    kaon0SInelastic
G4WT7 >                 msc,              eIoni,              eBrem,          ePairProd
G4WT2 >         CoulombScat,            annihil,             muIoni,            muBrems
G4WT11 >     lambdaInelastic,anti-lambdaInelastic,    sigma-Inelastic,anti_sigma-Inelastic
G4WT10 >                 msc,              eIoni,              eBrem,          ePairProd
G4WT6 >         CoulombScat,            annihil,             muIoni,            muBrems
G4WT0 >         CoulombScat,            annihil,             muIoni,            muBrems
G4WT6 >          muPairProd,              hIoni,             hBrems,          hPairProd
G4WT3 >         CoulombScat,            annihil,             muIoni,            muBrems
G4WT12 >         CoulombScat,            annihil,             muIoni,            muBrems
G4WT8 >         CoulombScat,            annihil,             muIoni,            muBrems
G4WT9 >         CoulombScat,            annihil,             muIoni,            muBrems
G4WT4 >         CoulombScat,            annihil,             muIoni,            muBrems
G4WT13 >         CoulombScat,            annihil,             muIoni,            muBrems
G4WT4 >          muPairProd,              hIoni,             hBrems,          hPairProd
G4WT7 >         CoulombScat,            annihil,             muIoni,            muBrems
G4WT2 >          muPairProd,              hIoni,             hBrems,          hPairProd
G4WT7 >          muPairProd,              hIoni,             hBrems,          hPairProd
G4WT10 >         CoulombScat,            annihil,             muIoni,            muBrems
G4WT5 >         CoulombScat,            annihil,             muIoni,            muBrems
G4WT10 >          muPairProd,              hIoni,             hBrems,          hPairProd
G4WT6 >             ionIoni,    nuclearStopping,   neutronInelastic,           nCapture
G4WT3 >          muPairProd,              hIoni,             hBrems,          hPairProd
G4WT12 >          muPairProd,              hIoni,             hBrems,          hPairProd
G4WT8 >          muPairProd,              hIoni,             hBrems,          hPairProd
G4WT9 >          muPairProd,              hIoni,             hBrems,          hPairProd
G4WT1 >     lambdaInelastic,anti-lambdaInelastic,    sigma-Inelastic,anti_sigma-Inelastic
G4WT13 >          muPairProd,              hIoni,             hBrems,          hPairProd
G4WT4 >             ionIoni,    nuclearStopping,   neutronInelastic,           nCapture
G4WT11 >     sigma+Inelastic,anti_sigma+Inelastic,       xi-Inelastic,  anti_xi-Inelastic
G4WT2 >             ionIoni,    nuclearStopping,   neutronInelastic,           nCapture
G4WT7 >             ionIoni,    nuclearStopping,   neutronInelastic,           nCapture
G4WT0 >          muPairProd,              hIoni,             hBrems,          hPairProd
G4WT5 >          muPairProd,              hIoni,             hBrems,          hPairProd
G4WT10 >             ionIoni,    nuclearStopping,   neutronInelastic,           nCapture
G4WT6 >            nFission,    protonInelastic,       pi+Inelastic,       pi-Inelastic
G4WT3 >             ionIoni,    nuclearStopping,   neutronInelastic,           nCapture
G4WT12 >             ionIoni,    nuclearStopping,   neutronInelastic,           nCapture
G4WT8 >             ionIoni,    nuclearStopping,   neutronInelastic,           nCapture
G4WT9 >             ionIoni,    nuclearStopping,   neutronInelastic,           nCapture
G4WT1 >     sigma+Inelastic,anti_sigma+Inelastic,       xi-Inelastic,  anti_xi-Inelastic
G4WT13 >             ionIoni,    nuclearStopping,   neutronInelastic,           nCapture
G4WT4 >            nFission,    protonInelastic,       pi+Inelastic,       pi-Inelastic
G4WT11 >        xi0Inelastic,  anti_xi0Inelastic,    omega-Inelastic,anti_omega-Inelastic
G4WT2 >            nFission,    protonInelastic,       pi+Inelastic,       pi-Inelastic
G4WT7 >            nFission,    protonInelastic,       pi+Inelastic,       pi-Inelastic
G4WT0 >             ionIoni,    nuclearStopping,   neutronInelastic,           nCapture
G4WT5 >             ionIoni,    nuclearStopping,   neutronInelastic,           nCapture
G4WT10 >            nFission,    protonInelastic,       pi+Inelastic,       pi-Inelastic
G4WT6 >      kaon+Inelastic,     kaon-Inelastic,    kaon0LInelastic,    kaon0SInelastic
G4WT3 >            nFission,    protonInelastic,       pi+Inelastic,       pi-Inelastic
G4WT12 >            nFission,    protonInelastic,       pi+Inelastic,       pi-Inelastic
G4WT8 >            nFission,    protonInelastic,       pi+Inelastic,       pi-Inelastic
G4WT9 >            nFission,    protonInelastic,       pi+Inelastic,       pi-Inelastic
G4WT1 >        xi0Inelastic,  anti_xi0Inelastic,    omega-Inelastic,anti_omega-Inelastic
G4WT13 >            nFission,    protonInelastic,       pi+Inelastic,       pi-Inelastic
G4WT4 >      kaon+Inelastic,     kaon-Inelastic,    kaon0LInelastic,    kaon0SInelastic
G4WT11 > anti_protonInelastic,anti_neutronInelastic,anti_deuteronInelastic,anti_tritonInelastic
G4WT2 >      kaon+Inelastic,     kaon-Inelastic,    kaon0LInelastic,    kaon0SInelastic
G4WT7 >      kaon+Inelastic,     kaon-Inelastic,    kaon0LInelastic,    kaon0SInelastic
G4WT0 >            nFission,    protonInelastic,       pi+Inelastic,       pi-Inelastic
G4WT5 >            nFission,    protonInelastic,       pi+Inelastic,       pi-Inelastic
G4WT10 >      kaon+Inelastic,     kaon-Inelastic,    kaon0LInelastic,    kaon0SInelastic
G4WT6 >     lambdaInelastic,anti-lambdaInelastic,    sigma-Inelastic,anti_sigma-Inelastic
G4WT3 >      kaon+Inelastic,     kaon-Inelastic,    kaon0LInelastic,    kaon0SInelastic
G4WT12 >      kaon+Inelastic,     kaon-Inelastic,    kaon0LInelastic,    kaon0SInelastic
G4WT8 >      kaon+Inelastic,     kaon-Inelastic,    kaon0LInelastic,    kaon0SInelastic
G4WT9 >      kaon+Inelastic,     kaon-Inelastic,    kaon0LInelastic,    kaon0SInelastic
G4WT1 > anti_protonInelastic,anti_neutronInelastic,anti_deuteronInelastic,anti_tritonInelastic
G4WT13 >      kaon+Inelastic,     kaon-Inelastic,    kaon0LInelastic,    kaon0SInelastic
G4WT4 >     lambdaInelastic,anti-lambdaInelastic,    sigma-Inelastic,anti_sigma-Inelastic
G4WT11 >   anti_He3Inelastic,anti_alphaInelastic,              Decay,         dInelastic
G4WT2 >     lambdaInelastic,anti-lambdaInelastic,    sigma-Inelastic,anti_sigma-Inelastic
G4WT7 >     lambdaInelastic,anti-lambdaInelastic,    sigma-Inelastic,anti_sigma-Inelastic
G4WT0 >      kaon+Inelastic,     kaon-Inelastic,    kaon0LInelastic,    kaon0SInelastic
G4WT5 >      kaon+Inelastic,     kaon-Inelastic,    kaon0LInelastic,    kaon0SInelastic
G4WT10 >     lambdaInelastic,anti-lambdaInelastic,    sigma-Inelastic,anti_sigma-Inelastic
G4WT6 >     sigma+Inelastic,anti_sigma+Inelastic,       xi-Inelastic,  anti_xi-Inelastic
G4WT3 >     lambdaInelastic,anti-lambdaInelastic,    sigma-Inelastic,anti_sigma-Inelastic
G4WT12 >     lambdaInelastic,anti-lambdaInelastic,    sigma-Inelastic,anti_sigma-Inelastic
G4WT8 >     lambdaInelastic,anti-lambdaInelastic,    sigma-Inelastic,anti_sigma-Inelastic
G4WT9 >     lambdaInelastic,anti-lambdaInelastic,    sigma-Inelastic,anti_sigma-Inelastic
G4WT1 >   anti_He3Inelastic,anti_alphaInelastic,              Decay,         dInelastic
G4WT13 >     lambdaInelastic,anti-lambdaInelastic,    sigma-Inelastic,anti_sigma-Inelastic
G4WT4 >     sigma+Inelastic,anti_sigma+Inelastic,       xi-Inelastic,  anti_xi-Inelastic
G4WT4 >        xi0Inelastic,  anti_xi0Inelastic,    omega-Inelastic,anti_omega-Inelastic
G4WT2 >     sigma+Inelastic,anti_sigma+Inelastic,       xi-Inelastic,  anti_xi-Inelastic
G4WT7 >     sigma+Inelastic,anti_sigma+Inelastic,       xi-Inelastic,  anti_xi-Inelastic
G4WT0 >     lambdaInelastic,anti-lambdaInelastic,    sigma-Inelastic,anti_sigma-Inelastic
G4WT5 >     lambdaInelastic,anti-lambdaInelastic,    sigma-Inelastic,anti_sigma-Inelastic
G4WT10 >     sigma+Inelastic,anti_sigma+Inelastic,       xi-Inelastic,  anti_xi-Inelastic
G4WT6 >        xi0Inelastic,  anti_xi0Inelastic,    omega-Inelastic,anti_omega-Inelastic
G4WT3 >     sigma+Inelastic,anti_sigma+Inelastic,       xi-Inelastic,  anti_xi-Inelastic
G4WT12 >     sigma+Inelastic,anti_sigma+Inelastic,       xi-Inelastic,  anti_xi-Inelastic
G4WT8 >     sigma+Inelastic,anti_sigma+Inelastic,       xi-Inelastic,  anti_xi-Inelastic
G4WT9 >     sigma+Inelastic,anti_sigma+Inelastic,       xi-Inelastic,  anti_xi-Inelastic
G4WT1 >          tInelastic,       He3Inelastic,     alphaInelastic,       ionInelastic
G4WT13 >     sigma+Inelastic,anti_sigma+Inelastic,       xi-Inelastic,  anti_xi-Inelastic
G4WT11 >          tInelastic,       He3Inelastic,     alphaInelastic,       ionInelastic
G4WT4 > anti_protonInelastic,anti_neutronInelastic,anti_deuteronInelastic,anti_tritonInelastic
G4WT2 >        xi0Inelastic,  anti_xi0Inelastic,    omega-Inelastic,anti_omega-Inelastic
G4WT7 >        xi0Inelastic,  anti_xi0Inelastic,    omega-Inelastic,anti_omega-Inelastic
G4WT0 >     sigma+Inelastic,anti_sigma+Inelastic,       xi-Inelastic,  anti_xi-Inelastic
G4WT5 >     sigma+Inelastic,anti_sigma+Inelastic,       xi-Inelastic,  anti_xi-Inelastic
G4WT10 >        xi0Inelastic,  anti_xi0Inelastic,    omega-Inelastic,anti_omega-Inelastic
G4WT6 > anti_protonInelastic,anti_neutronInelastic,anti_deuteronInelastic,anti_tritonInelastic
G4WT3 >        xi0Inelastic,  anti_xi0Inelastic,    omega-Inelastic,anti_omega-Inelastic
G4WT12 >        xi0Inelastic,  anti_xi0Inelastic,    omega-Inelastic,anti_omega-Inelastic
G4WT8 >        xi0Inelastic,  anti_xi0Inelastic,    omega-Inelastic,anti_omega-Inelastic
G4WT9 >        xi0Inelastic,  anti_xi0Inelastic,    omega-Inelastic,anti_omega-Inelastic
G4WT1 >          hadElastic,hFritiofCaptureAtRest,hBertiniCaptureAtRest,muMinusCaptureAtRest
G4WT1 > 
G4WT11 >          hadElastic,hFritiofCaptureAtRest,hBertiniCaptureAtRest,muMinusCaptureAtRest
G4WT11 > 
G4WT2 > anti_protonInelastic,anti_neutronInelastic,anti_deuteronInelastic,anti_tritonInelastic
G4WT7 > anti_protonInelastic,anti_neutronInelastic,anti_deuteronInelastic,anti_tritonInelastic
G4WT0 >        xi0Inelastic,  anti_xi0Inelastic,    omega-Inelastic,anti_omega-Inelastic
G4WT5 >        xi0Inelastic,  anti_xi0Inelastic,    omega-Inelastic,anti_omega-Inelastic
G4WT10 > anti_protonInelastic,anti_neutronInelastic,anti_deuteronInelastic,anti_tritonInelastic
G4WT6 >   anti_He3Inelastic,anti_alphaInelastic,              Decay,         dInelastic
G4WT3 > anti_protonInelastic,anti_neutronInelastic,anti_deuteronInelastic,anti_tritonInelastic
G4WT12 > anti_protonInelastic,anti_neutronInelastic,anti_deuteronInelastic,anti_tritonInelastic
G4WT8 > anti_protonInelastic,anti_neutronInelastic,anti_deuteronInelastic,anti_tritonInelastic
G4WT9 > anti_protonInelastic,anti_neutronInelastic,anti_deuteronInelastic,anti_tritonInelastic
G4WT13 >        xi0Inelastic,  anti_xi0Inelastic,    omega-Inelastic,anti_omega-Inelastic
G4WT4 >   anti_He3Inelastic,anti_alphaInelastic,              Decay,         dInelastic
G4WT2 >   anti_He3Inelastic,anti_alphaInelastic,              Decay,         dInelastic
G4WT7 >   anti_He3Inelastic,anti_alphaInelastic,              Decay,         dInelastic
G4WT0 > anti_protonInelastic,anti_neutronInelastic,anti_deuteronInelastic,anti_tritonInelastic
G4WT5 > anti_protonInelastic,anti_neutronInelastic,anti_deuteronInelastic,anti_tritonInelastic
G4WT10 >   anti_He3Inelastic,anti_alphaInelastic,              Decay,         dInelastic
G4WT6 >          tInelastic,       He3Inelastic,     alphaInelastic,       ionInelastic
G4WT3 >   anti_He3Inelastic,anti_alphaInelastic,              Decay,         dInelastic
G4WT12 >   anti_He3Inelastic,anti_alphaInelastic,              Decay,         dInelastic
G4WT8 >   anti_He3Inelastic,anti_alphaInelastic,              Decay,         dInelastic
G4WT9 >   anti_He3Inelastic,anti_alphaInelastic,              Decay,         dInelastic
G4WT13 > anti_protonInelastic,anti_neutronInelastic,anti_deuteronInelastic,anti_tritonInelastic
G4WT4 >          tInelastic,       He3Inelastic,     alphaInelastic,       ionInelastic
G4WT2 >          tInelastic,       He3Inelastic,     alphaInelastic,       ionInelastic
G4WT7 >          tInelastic,       He3Inelastic,     alphaInelastic,       ionInelastic
G4WT0 >   anti_He3Inelastic,anti_alphaInelastic,              Decay,         dInelastic
G4WT5 >   anti_He3Inelastic,anti_alphaInelastic,              Decay,         dInelastic
G4WT10 >          tInelastic,       He3Inelastic,     alphaInelastic,       ionInelastic
G4WT6 >          hadElastic,hFritiofCaptureAtRest,hBertiniCaptureAtRest,muMinusCaptureAtRest
G4WT6 > 
G4WT12 >          tInelastic,       He3Inelastic,     alphaInelastic,       ionInelastic
G4WT8 >          tInelastic,       He3Inelastic,     alphaInelastic,       ionInelastic
G4WT9 >          tInelastic,       He3Inelastic,     alphaInelastic,       ionInelastic
G4WT13 >   anti_He3Inelastic,anti_alphaInelastic,              Decay,         dInelastic
G4WT4 >          hadElastic,hFritiofCaptureAtRest,hBertiniCaptureAtRest,muMinusCaptureAtRest
G4WT2 >          hadElastic,hFritiofCaptureAtRest,hBertiniCaptureAtRest,muMinusCaptureAtRest
G4WT2 > 
G4WT0 >          tInelastic,       He3Inelastic,     alphaInelastic,       ionInelastic
G4WT5 >          tInelastic,       He3Inelastic,     alphaInelastic,       ionInelastic
G4WT10 >          hadElastic,hFritiofCaptureAtRest,hBertiniCaptureAtRest,muMinusCaptureAtRest
G4WT3 >          tInelastic,       He3Inelastic,     alphaInelastic,       ionInelastic
G4WT12 >          hadElastic,hFritiofCaptureAtRest,hBertiniCaptureAtRest,muMinusCaptureAtRest
G4WT8 >          hadElastic,hFritiofCaptureAtRest,hBertiniCaptureAtRest,muMinusCaptureAtRest
G4WT8 > 
G4WT13 >          tInelastic,       He3Inelastic,     alphaInelastic,       ionInelastic
G4WT4 > 
G4WT13 >          hadElastic,hFritiofCaptureAtRest,hBertiniCaptureAtRest,muMinusCaptureAtRest
G4WT0 >          hadElastic,hFritiofCaptureAtRest,hBertiniCaptureAtRest,muMinusCaptureAtRest
G4WT5 >          hadElastic,hFritiofCaptureAtRest,hBertiniCaptureAtRest,muMinusCaptureAtRest
G4WT10 > 
G4WT3 >          hadElastic,hFritiofCaptureAtRest,hBertiniCaptureAtRest,muMinusCaptureAtRest
G4WT3 > 
G4WT12 > 
G4WT7 >          hadElastic,hFritiofCaptureAtRest,hBertiniCaptureAtRest,muMinusCaptureAtRest
G4WT13 > 
G4WT0 > 
G4WT5 > 
G4WT9 >          hadElastic,hFritiofCaptureAtRest,hBertiniCaptureAtRest,muMinusCaptureAtRest
G4WT7 > 
G4WT9 > 
G4WT8 > Begin processing for Run: 0, History: 0
G4WT8 > Begin processing for Run: 0, History: 1
G4WT5 > Begin processing for Run: 0, History: 3411
G4WT5 > Begin processing for Run: 0, History: 3412
G4WT8 > Begin processing for Run: 0, History: 2
G4WT8 > Begin processing for Run: 0, History: 3
G4WT5 > Begin processing for Run: 0, History: 3413
G4WT8 > Begin processing for Run: 0, History: 4
G4WT12 > Begin processing for Run: 0, History: 6822
G4WT8 > Begin processing for Run: 0, History: 5
G4WT5 > Begin processing for Run: 0, History: 3414
G4WT12 > Begin processing for Run: 0, History: 6823
G4WT5 > Begin processing for Run: 0, History: 3415
G4WT8 > Begin processing for Run: 0, History: 6
G4WT8 > Begin processing for Run: 0, History: 7
G4WT5 > Begin processing for Run: 0, History: 3416
G4WT5 > Begin processing for Run: 0, History: 3417
G4WT12 > Begin processing for Run: 0, History: 6824
G4WT12 > Begin processing for Run: 0, History: 6825
G4WT5 > Begin processing for Run: 0, History: 3418
G4WT8 > Begin processing for Run: 0, History: 8
G4WT8 > Begin processing for Run: 0, History: 9
G4WT9 > Begin processing for Run: 0, History: 10233
G4WT9 > Begin processing for Run: 0, History: 10234
G4WT9 > Begin processing for Run: 0, History: 10235
G4WT5 > Begin processing for Run: 0, History: 3419
G4WT12 > Begin processing for Run: 0, History: 6826
G4WT8 > Begin processing for Run: 0, History: 10
G4WT8 > Begin processing for Run: 0, History: 11
G4WT9 > Begin processing for Run: 0, History: 10236
G4WT5 > Begin processing for Run: 0, History: 3420
G4WT8 > Begin processing for Run: 0, History: 12
G4WT12 > Begin processing for Run: 0, History: 6827
G4WT8 > Begin processing for Run: 0, History: 13
G4WT9 > Begin processing for Run: 0, History: 10237
G4WT9 > Begin processing for Run: 0, History: 10238
G4WT5 > Begin processing for Run: 0, History: 3421
G4WT6 > Begin processing for Run: 0, History: 13644
G4WT5 > Begin processing for Run: 0, History: 3422
G4WT8 > Begin processing for Run: 0, History: 14
G4WT8 > Begin processing for Run: 0, History: 15
G4WT9 > Begin processing for Run: 0, History: 10239
G4WT12 > Begin processing for Run: 0, History: 6828
G4WT5 > Begin processing for Run: 0, History: 3423
G4WT8 > Begin processing for Run: 0, History: 16
G4WT8 > Begin processing for Run: 0, History: 17
G4WT8 > Begin processing for Run: 0, History: 18
G4WT12 > Begin processing for Run: 0, History: 6829
G4WT12 > Begin processing for Run: 0, History: 6830
G4WT12 > Begin processing for Run: 0, History: 6831
G4WT9 > Begin processing for Run: 0, History: 10240
G4WT5 > Begin processing for Run: 0, History: 3424
G4WT8 > Begin processing for Run: 0, History: 19
G4WT5 > Begin processing for Run: 0, History: 3425
G4WT5 > Begin processing for Run: 0, History: 3426
G4WT6 > Begin processing for Run: 0, History: 13645
